This is pdfTeX, Version 3.141592653-2.6-1.40.25 (TeX Live 2023) (preloaded format=pdflatex 2023.11.5)  30 SEP 2024 10:25
entering extended mode
 restricted \write18 enabled.
 %&-line parsing enabled.
**paper.tex
(./paper.tex
LaTeX2e <2023-11-01>
L3 programming layer <2023-11-01>
(c:/Users/mstuart1/AppData/Roaming/TinyTeX/texmf-dist/tex/latex/base/article.cls
Document Class: article 2023/05/17 v1.4n Standard LaTeX document class
(c:/Users/mstuart1/AppData/Roaming/TinyTeX/texmf-dist/tex/latex/base/size12.clo
File: size12.clo 2023/05/17 v1.4n Standard LaTeX file (size option)
)
\c@part=\count186
\c@section=\count187
\c@subsection=\count188
\c@subsubsection=\count189
\c@paragraph=\count190
\c@subparagraph=\count191
\c@figure=\count192
\c@table=\count193
\abovecaptionskip=\skip48
\belowcaptionskip=\skip49
\bibindent=\dimen140
) (c:/Users/mstuart1/AppData/Roaming/TinyTeX/texmf-dist/tex/latex/amsmath/amsmath.sty
Package: amsmath 2023/05/13 v2.17o AMS math features
\@mathmargin=\skip50
For additional information on amsmath, use the `?' option.
(c:/Users/mstuart1/AppData/Roaming/TinyTeX/texmf-dist/tex/latex/amsmath/amstext.sty
Package: amstext 2021/08/26 v2.01 AMS text
(c:/Users/mstuart1/AppData/Roaming/TinyTeX/texmf-dist/tex/latex/amsmath/amsgen.sty
File: amsgen.sty 1999/11/30 v2.0 generic functions
\@emptytoks=\toks17
\ex@=\dimen141
)) (c:/Users/mstuart1/AppData/Roaming/TinyTeX/texmf-dist/tex/latex/amsmath/amsbsy.sty
Package: amsbsy 1999/11/29 v1.2d Bold Symbols
\pmbraise@=\dimen142
) (c:/Users/mstuart1/AppData/Roaming/TinyTeX/texmf-dist/tex/latex/amsmath/amsopn.sty
Package: amsopn 2022/04/08 v2.04 operator names
)
\inf@bad=\count194
LaTeX Info: Redefining \frac on input line 234.
\uproot@=\count195
\leftroot@=\count196
LaTeX Info: Redefining \overline on input line 399.
LaTeX Info: Redefining \colon on input line 410.
\classnum@=\count197
\DOTSCASE@=\count198
LaTeX Info: Redefining \ldots on input line 496.
LaTeX Info: Redefining \dots on input line 499.
LaTeX Info: Redefining \cdots on input line 620.
\Mathstrutbox@=\box51
\strutbox@=\box52
LaTeX Info: Redefining \big on input line 722.
LaTeX Info: Redefining \Big on input line 723.
LaTeX Info: Redefining \bigg on input line 724.
LaTeX Info: Redefining \Bigg on input line 725.
\big@size=\dimen143
LaTeX Font Info:    Redeclaring font encoding OML on input line 743.
LaTeX Font Info:    Redeclaring font encoding OMS on input line 744.
\macc@depth=\count199
LaTeX Info: Redefining \bmod on input line 905.
LaTeX Info: Redefining \pmod on input line 910.
LaTeX Info: Redefining \smash on input line 940.
LaTeX Info: Redefining \relbar on input line 970.
LaTeX Info: Redefining \Relbar on input line 971.
\c@MaxMatrixCols=\count266
\dotsspace@=\muskip16
\c@parentequation=\count267
\dspbrk@lvl=\count268
\tag@help=\toks18
\row@=\count269
\column@=\count270
\maxfields@=\count271
\andhelp@=\toks19
\eqnshift@=\dimen144
\alignsep@=\dimen145
\tagshift@=\dimen146
\tagwidth@=\dimen147
\totwidth@=\dimen148
\lineht@=\dimen149
\@envbody=\toks20
\multlinegap=\skip51
\multlinetaggap=\skip52
\mathdisplay@stack=\toks21
LaTeX Info: Redefining \[ on input line 2953.
LaTeX Info: Redefining \] on input line 2954.
) (c:/Users/mstuart1/AppData/Roaming/TinyTeX/texmf-dist/tex/latex/amsfonts/amssymb.sty
Package: amssymb 2013/01/14 v3.01 AMS font symbols
(c:/Users/mstuart1/AppData/Roaming/TinyTeX/texmf-dist/tex/latex/amsfonts/amsfonts.sty
Package: amsfonts 2013/01/14 v3.01 Basic AMSFonts support
\symAMSa=\mathgroup4
\symAMSb=\mathgroup5
LaTeX Font Info:    Redeclaring math symbol \hbar on input line 98.
LaTeX Font Info:    Overwriting math alphabet `\mathfrak' in version `bold'
(Font)                  U/euf/m/n --> U/euf/b/n on input line 106.
)) (c:/Users/mstuart1/AppData/Roaming/TinyTeX/texmf-dist/tex/generic/iftex/iftex.sty
Package: iftex 2022/02/03 v1.0f TeX engine tests
) (c:/Users/mstuart1/AppData/Roaming/TinyTeX/texmf-dist/tex/latex/base/fontenc.sty
Package: fontenc 2021/04/29 v2.0v Standard LaTeX package
) (c:/Users/mstuart1/AppData/Roaming/TinyTeX/texmf-dist/tex/latex/base/inputenc.sty
Package: inputenc 2021/02/14 v1.3d Input encoding file
\inpenc@prehook=\toks22
\inpenc@posthook=\toks23
) (c:/Users/mstuart1/AppData/Roaming/TinyTeX/texmf-dist/tex/latex/base/textcomp.sty
Package: textcomp 2020/02/02 v2.0n Standard LaTeX package
) (c:/Users/mstuart1/AppData/Roaming/TinyTeX/texmf-dist/tex/latex/lm/lmodern.sty
Package: lmodern 2015/05/01 v1.6.1 Latin Modern Fonts
LaTeX Font Info:    Overwriting symbol font `operators' in version `normal'
(Font)                  OT1/cmr/m/n --> OT1/lmr/m/n on input line 22.
LaTeX Font Info:    Overwriting symbol font `letters' in version `normal'
(Font)                  OML/cmm/m/it --> OML/lmm/m/it on input line 23.
LaTeX Font Info:    Overwriting symbol font `symbols' in version `normal'
(Font)                  OMS/cmsy/m/n --> OMS/lmsy/m/n on input line 24.
LaTeX Font Info:    Overwriting symbol font `largesymbols' in version `normal'
(Font)                  OMX/cmex/m/n --> OMX/lmex/m/n on input line 25.
LaTeX Font Info:    Overwriting symbol font `operators' in version `bold'
(Font)                  OT1/cmr/bx/n --> OT1/lmr/bx/n on input line 26.
LaTeX Font Info:    Overwriting symbol font `letters' in version `bold'
(Font)                  OML/cmm/b/it --> OML/lmm/b/it on input line 27.
LaTeX Font Info:    Overwriting symbol font `symbols' in version `bold'
(Font)                  OMS/cmsy/b/n --> OMS/lmsy/b/n on input line 28.
LaTeX Font Info:    Overwriting symbol font `largesymbols' in version `bold'
(Font)                  OMX/cmex/m/n --> OMX/lmex/m/n on input line 29.
LaTeX Font Info:    Overwriting math alphabet `\mathbf' in version `normal'
(Font)                  OT1/cmr/bx/n --> OT1/lmr/bx/n on input line 31.
LaTeX Font Info:    Overwriting math alphabet `\mathsf' in version `normal'
(Font)                  OT1/cmss/m/n --> OT1/lmss/m/n on input line 32.
LaTeX Font Info:    Overwriting math alphabet `\mathit' in version `normal'
(Font)                  OT1/cmr/m/it --> OT1/lmr/m/it on input line 33.
LaTeX Font Info:    Overwriting math alphabet `\mathtt' in version `normal'
(Font)                  OT1/cmtt/m/n --> OT1/lmtt/m/n on input line 34.
LaTeX Font Info:    Overwriting math alphabet `\mathbf' in version `bold'
(Font)                  OT1/cmr/bx/n --> OT1/lmr/bx/n on input line 35.
LaTeX Font Info:    Overwriting math alphabet `\mathsf' in version `bold'
(Font)                  OT1/cmss/bx/n --> OT1/lmss/bx/n on input line 36.
LaTeX Font Info:    Overwriting math alphabet `\mathit' in version `bold'
(Font)                  OT1/cmr/bx/it --> OT1/lmr/bx/it on input line 37.
LaTeX Font Info:    Overwriting math alphabet `\mathtt' in version `bold'
(Font)                  OT1/cmtt/m/n --> OT1/lmtt/m/n on input line 38.
) (c:/Users/mstuart1/AppData/Roaming/TinyTeX/texmf-dist/tex/latex/xcolor/xcolor.sty
Package: xcolor 2023/11/15 v3.01 LaTeX color extensions (UK)
(c:/Users/mstuart1/AppData/Roaming/TinyTeX/texmf-dist/tex/latex/graphics-cfg/color.cfg
File: color.cfg 2016/01/02 v1.6 sample color configuration
)
Package xcolor Info: Driver file: pdftex.def on input line 274.
(c:/Users/mstuart1/AppData/Roaming/TinyTeX/texmf-dist/tex/latex/graphics-def/pdftex.def
File: pdftex.def 2022/09/22 v1.2b Graphics/color driver for pdftex
) (c:/Users/mstuart1/AppData/Roaming/TinyTeX/texmf-dist/tex/latex/graphics/mathcolor.ltx)
Package xcolor Info: Model `cmy' substituted by `cmy0' on input line 1350.
Package xcolor Info: Model `hsb' substituted by `rgb' on input line 1354.
Package xcolor Info: Model `RGB' extended on input line 1366.
Package xcolor Info: Model `HTML' substituted by `rgb' on input line 1368.
Package xcolor Info: Model `Hsb' substituted by `hsb' on input line 1369.
Package xcolor Info: Model `tHsb' substituted by `hsb' on input line 1370.
Package xcolor Info: Model `HSB' substituted by `hsb' on input line 1371.
Package xcolor Info: Model `Gray' substituted by `gray' on input line 1372.
Package xcolor Info: Model `wave' substituted by `hsb' on input line 1373.
) (c:/Users/mstuart1/AppData/Roaming/TinyTeX/texmf-dist/tex/latex/graphics/dvipsnam.def
File: dvipsnam.def 2016/06/17 v3.0m Driver-dependent file (DPC,SPQR)
) (c:/Users/mstuart1/AppData/Roaming/TinyTeX/texmf-dist/tex/latex/xcolor/svgnam.def
File: svgnam.def 2023/11/15 v3.01 Predefined colors according to SVG 1.1 (UK)
) (c:/Users/mstuart1/AppData/Roaming/TinyTeX/texmf-dist/tex/latex/xcolor/x11nam.def
File: x11nam.def 2023/11/15 v3.01 Predefined colors according to Unix/X11 (UK)
) (c:/Users/mstuart1/AppData/Roaming/TinyTeX/texmf-dist/tex/latex/geometry/geometry.sty
Package: geometry 2020/01/02 v5.9 Page Geometry
(c:/Users/mstuart1/AppData/Roaming/TinyTeX/texmf-dist/tex/latex/graphics/keyval.sty
Package: keyval 2022/05/29 v1.15 key=value parser (DPC)
\KV@toks@=\toks24
) (c:/Users/mstuart1/AppData/Roaming/TinyTeX/texmf-dist/tex/generic/iftex/ifvtex.sty
Package: ifvtex 2019/10/25 v1.7 ifvtex legacy package. Use iftex instead.
)
\Gm@cnth=\count272
\Gm@cntv=\count273
\c@Gm@tempcnt=\count274
\Gm@bindingoffset=\dimen150
\Gm@wd@mp=\dimen151
\Gm@odd@mp=\dimen152
\Gm@even@mp=\dimen153
\Gm@layoutwidth=\dimen154
\Gm@layoutheight=\dimen155
\Gm@layouthoffset=\dimen156
\Gm@layoutvoffset=\dimen157
\Gm@dimlist=\toks25
) (c:/Users/mstuart1/AppData/Roaming/TinyTeX/texmf-dist/tex/latex/tools/longtable.sty
Package: longtable 2023-11-01 v4.19 Multi-page Table package (DPC)
\LTleft=\skip53
\LTright=\skip54
\LTpre=\skip55
\LTpost=\skip56
\LTchunksize=\count275
\LTcapwidth=\dimen158
\LT@head=\box53
\LT@firsthead=\box54
\LT@foot=\box55
\LT@lastfoot=\box56
\LT@gbox=\box57
\LT@cols=\count276
\LT@rows=\count277
\c@LT@tables=\count278
\c@LT@chunks=\count279
\LT@p@ftn=\toks26
) (c:/Users/mstuart1/AppData/Roaming/TinyTeX/texmf-dist/tex/latex/booktabs/booktabs.sty
Package: booktabs 2020/01/12 v1.61803398 Publication quality tables
\heavyrulewidth=\dimen159
\lightrulewidth=\dimen160
\cmidrulewidth=\dimen161
\belowrulesep=\dimen162
\belowbottomsep=\dimen163
\aboverulesep=\dimen164
\abovetopsep=\dimen165
\cmidrulesep=\dimen166
\cmidrulekern=\dimen167
\defaultaddspace=\dimen168
\@cmidla=\count280
\@cmidlb=\count281
\@aboverulesep=\dimen169
\@belowrulesep=\dimen170
\@thisruleclass=\count282
\@lastruleclass=\count283
\@thisrulewidth=\dimen171
) (c:/Users/mstuart1/AppData/Roaming/TinyTeX/texmf-dist/tex/latex/tools/array.sty
Package: array 2023/10/16 v2.5g Tabular extension package (FMi)
\col@sep=\dimen172
\ar@mcellbox=\box58
\extrarowheight=\dimen173
\NC@list=\toks27
\extratabsurround=\skip57
\backup@length=\skip58
\ar@cellbox=\box59
) (c:/Users/mstuart1/AppData/Roaming/TinyTeX/texmf-dist/tex/latex/tools/calc.sty
Package: calc 2023/07/08 v4.3 Infix arithmetic (KKT,FJ)
\calc@Acount=\count284
\calc@Bcount=\count285
\calc@Adimen=\dimen174
\calc@Bdimen=\dimen175
\calc@Askip=\skip59
\calc@Bskip=\skip60
LaTeX Info: Redefining \setlength on input line 80.
LaTeX Info: Redefining \addtolength on input line 81.
\calc@Ccount=\count286
\calc@Cskip=\skip61
) (c:/Users/mstuart1/AppData/Roaming/TinyTeX/texmf-dist/tex/latex/etoolbox/etoolbox.sty
Package: etoolbox 2020/10/05 v2.5k e-TeX tools for LaTeX (JAW)
\etb@tempcnta=\count287
) (c:/Users/mstuart1/AppData/Roaming/TinyTeX/texmf-dist/tex/latex/mdwtools/footnote.sty
Package: footnote 1997/01/28 1.13 Save footnotes around boxes
\fn@notes=\box60
\fn@width=\dimen176
) (c:/Users/mstuart1/AppData/Roaming/TinyTeX/texmf-dist/tex/latex/graphics/graphicx.sty
Package: graphicx 2021/09/16 v1.2d Enhanced LaTeX Graphics (DPC,SPQR)
(c:/Users/mstuart1/AppData/Roaming/TinyTeX/texmf-dist/tex/latex/graphics/graphics.sty
Package: graphics 2022/03/10 v1.4e Standard LaTeX Graphics (DPC,SPQR)
(c:/Users/mstuart1/AppData/Roaming/TinyTeX/texmf-dist/tex/latex/graphics/trig.sty
Package: trig 2021/08/11 v1.11 sin cos tan (DPC)
) (c:/Users/mstuart1/AppData/Roaming/TinyTeX/texmf-dist/tex/latex/graphics-cfg/graphics.cfg
File: graphics.cfg 2016/06/04 v1.11 sample graphics configuration
)
Package graphics Info: Driver file: pdftex.def on input line 107.
)
\Gin@req@height=\dimen177
\Gin@req@width=\dimen178
)
\cslhangindent=\skip62
\csllabelwidth=\skip63
\cslentryspacingunit=\skip64
(c:/Users/mstuart1/AppData/Roaming/TinyTeX/texmf-dist/tex/latex/setspace/setspace.sty
Package: setspace 2022/12/04 v6.7b set line spacing
) (c:/Users/mstuart1/AppData/Roaming/TinyTeX/texmf-dist/tex/latex/float/float.sty
Package: float 2001/11/08 v1.3d Float enhancements (AL)
\c@float@type=\count288
\float@exts=\toks28
\float@box=\box61
\@float@everytoks=\toks29
\@floatcapt=\box62
) (c:/Users/mstuart1/AppData/Roaming/TinyTeX/texmf-dist/tex/latex/hyperref/hyperref.sty
Package: hyperref 2023-11-09 v7.01f Hypertext links for LaTeX
(c:/Users/mstuart1/AppData/Roaming/TinyTeX/texmf-dist/tex/generic/ltxcmds/ltxcmds.sty
Package: ltxcmds 2020-05-10 v1.25 LaTeX kernel commands for general use (HO)
) (c:/Users/mstuart1/AppData/Roaming/TinyTeX/texmf-dist/tex/generic/pdftexcmds/pdftexcmds.sty
Package: pdftexcmds 2020-06-27 v0.33 Utility functions of pdfTeX for LuaTeX (HO)
(c:/Users/mstuart1/AppData/Roaming/TinyTeX/texmf-dist/tex/generic/infwarerr/infwarerr.sty
Package: infwarerr 2019/12/03 v1.5 Providing info/warning/error messages (HO)
)
Package pdftexcmds Info: \pdf@primitive is available.
Package pdftexcmds Info: \pdf@ifprimitive is available.
Package pdftexcmds Info: \pdfdraftmode found.
) (c:/Users/mstuart1/AppData/Roaming/TinyTeX/texmf-dist/tex/latex/kvsetkeys/kvsetkeys.sty
Package: kvsetkeys 2022-10-05 v1.19 Key value parser (HO)
) (c:/Users/mstuart1/AppData/Roaming/TinyTeX/texmf-dist/tex/generic/kvdefinekeys/kvdefinekeys.sty
Package: kvdefinekeys 2019-12-19 v1.6 Define keys (HO)
) (c:/Users/mstuart1/AppData/Roaming/TinyTeX/texmf-dist/tex/generic/pdfescape/pdfescape.sty
Package: pdfescape 2019/12/09 v1.15 Implements pdfTeX's escape features (HO)
) (c:/Users/mstuart1/AppData/Roaming/TinyTeX/texmf-dist/tex/latex/hycolor/hycolor.sty
Package: hycolor 2020-01-27 v1.10 Color options for hyperref/bookmark (HO)
) (c:/Users/mstuart1/AppData/Roaming/TinyTeX/texmf-dist/tex/latex/letltxmacro/letltxmacro.sty
Package: letltxmacro 2019/12/03 v1.6 Let assignment for LaTeX macros (HO)
) (c:/Users/mstuart1/AppData/Roaming/TinyTeX/texmf-dist/tex/latex/auxhook/auxhook.sty
Package: auxhook 2019-12-17 v1.6 Hooks for auxiliary files (HO)
) (c:/Users/mstuart1/AppData/Roaming/TinyTeX/texmf-dist/tex/latex/hyperref/nameref.sty
Package: nameref 2023-11-09 v2.55 Cross-referencing by name of section
(c:/Users/mstuart1/AppData/Roaming/TinyTeX/texmf-dist/tex/latex/refcount/refcount.sty
Package: refcount 2019/12/15 v3.6 Data extraction from label references (HO)
) (c:/Users/mstuart1/AppData/Roaming/TinyTeX/texmf-dist/tex/generic/gettitlestring/gettitlestring.sty
Package: gettitlestring 2019/12/15 v1.6 Cleanup title references (HO)
(c:/Users/mstuart1/AppData/Roaming/TinyTeX/texmf-dist/tex/latex/kvoptions/kvoptions.sty
Package: kvoptions 2022-06-15 v3.15 Key value format for package options (HO)
))
\c@section@level=\count289
)
\@linkdim=\dimen179
\Hy@linkcounter=\count290
\Hy@pagecounter=\count291
(c:/Users/mstuart1/AppData/Roaming/TinyTeX/texmf-dist/tex/latex/hyperref/pd1enc.def
File: pd1enc.def 2023-11-09 v7.01f Hyperref: PDFDocEncoding definition (HO)
Now handling font encoding PD1 ...
... no UTF-8 mapping file for font encoding PD1
) (c:/Users/mstuart1/AppData/Roaming/TinyTeX/texmf-dist/tex/generic/intcalc/intcalc.sty
Package: intcalc 2019/12/15 v1.3 Expandable calculations with integers (HO)
)
\Hy@SavedSpaceFactor=\count292
(c:/Users/mstuart1/AppData/Roaming/TinyTeX/texmf-dist/tex/latex/hyperref/puenc.def
File: puenc.def 2023-11-09 v7.01f Hyperref: PDF Unicode definition (HO)
Now handling font encoding PU ...
... no UTF-8 mapping file for font encoding PU
)
Package hyperref Info: Option `unicode' set `true' on input line 4054.
Package hyperref Info: Hyper figures OFF on input line 4171.
Package hyperref Info: Link nesting OFF on input line 4176.
Package hyperref Info: Hyper index ON on input line 4179.
Package hyperref Info: Plain pages OFF on input line 4186.
Package hyperref Info: Backreferencing OFF on input line 4191.
Package hyperref Info: Implicit mode ON; LaTeX internals redefined.
Package hyperref Info: Bookmarks ON on input line 4438.
\c@Hy@tempcnt=\count293
(c:/Users/mstuart1/AppData/Roaming/TinyTeX/texmf-dist/tex/latex/url/url.sty
\Urlmuskip=\muskip17
Package: url 2013/09/16  ver 3.4  Verb mode for urls, etc.
)
LaTeX Info: Redefining \url on input line 4776.
\XeTeXLinkMargin=\dimen180
(c:/Users/mstuart1/AppData/Roaming/TinyTeX/texmf-dist/tex/generic/bitset/bitset.sty
Package: bitset 2019/12/09 v1.3 Handle bit-vector datatype (HO)
(c:/Users/mstuart1/AppData/Roaming/TinyTeX/texmf-dist/tex/generic/bigintcalc/bigintcalc.sty
Package: bigintcalc 2019/12/15 v1.5 Expandable calculations on big integers (HO)
))
\Fld@menulength=\count294
\Field@Width=\dimen181
\Fld@charsize=\dimen182
Package hyperref Info: Hyper figures OFF on input line 6055.
Package hyperref Info: Link nesting OFF on input line 6060.
Package hyperref Info: Hyper index ON on input line 6063.
Package hyperref Info: backreferencing OFF on input line 6070.
Package hyperref Info: Link coloring OFF on input line 6075.
Package hyperref Info: Link coloring with OCG OFF on input line 6080.
Package hyperref Info: PDF/A mode OFF on input line 6085.
(c:/Users/mstuart1/AppData/Roaming/TinyTeX/texmf-dist/tex/latex/base/atbegshi-ltx.sty
Package: atbegshi-ltx 2021/01/10 v1.0c Emulation of the original atbegshi
package with kernel methods
)
\Hy@abspage=\count295
\c@Item=\count296
\c@Hfootnote=\count297
)
Package hyperref Info: Driver (autodetected): hpdftex.
(c:/Users/mstuart1/AppData/Roaming/TinyTeX/texmf-dist/tex/latex/hyperref/hpdftex.def
File: hpdftex.def 2023-11-09 v7.01f Hyperref driver for pdfTeX
(c:/Users/mstuart1/AppData/Roaming/TinyTeX/texmf-dist/tex/latex/base/atveryend-ltx.sty
Package: atveryend-ltx 2020/08/19 v1.0a Emulation of the original atveryend package
with kernel methods
)
\Fld@listcount=\count298
\c@bookmark@seq@number=\count299
(c:/Users/mstuart1/AppData/Roaming/TinyTeX/texmf-dist/tex/latex/rerunfilecheck/rerunfilecheck.sty
Package: rerunfilecheck 2022-07-10 v1.10 Rerun checks for auxiliary files (HO)
(c:/Users/mstuart1/AppData/Roaming/TinyTeX/texmf-dist/tex/generic/uniquecounter/uniquecounter.sty
Package: uniquecounter 2019/12/15 v1.4 Provide unlimited unique counter (HO)
)
Package uniquecounter Info: New unique counter `rerunfilecheck' on input line 285.
)
\Hy@SectionHShift=\skip65
)
Package hyperref Info: Option `colorlinks' set `true' on input line 105.
LaTeX Font Info:    Trying to load font information for T1+lmr on input line 127.
(c:/Users/mstuart1/AppData/Roaming/TinyTeX/texmf-dist/tex/latex/lm/t1lmr.fd
File: t1lmr.fd 2015/05/01 v1.6.1 Font defs for Latin Modern
) (c:/Users/mstuart1/AppData/Roaming/TinyTeX/texmf-dist/tex/latex/l3backend/l3backend-pdftex.def
File: l3backend-pdftex.def 2023-11-09 L3 backend support: PDF output (pdfTeX)
\l__color_backend_stack_int=\count300
\l__pdf_internal_box=\box63
) (./paper.aux)
\openout1 = `paper.aux'.

LaTeX Font Info:    Checking defaults for OML/cmm/m/it on input line 127.
LaTeX Font Info:    ... okay on input line 127.
LaTeX Font Info:    Checking defaults for OMS/cmsy/m/n on input line 127.
LaTeX Font Info:    ... okay on input line 127.
LaTeX Font Info:    Checking defaults for OT1/cmr/m/n on input line 127.
LaTeX Font Info:    ... okay on input line 127.
LaTeX Font Info:    Checking defaults for T1/cmr/m/n on input line 127.
LaTeX Font Info:    ... okay on input line 127.
LaTeX Font Info:    Checking defaults for TS1/cmr/m/n on input line 127.
LaTeX Font Info:    ... okay on input line 127.
LaTeX Font Info:    Checking defaults for OMX/cmex/m/n on input line 127.
LaTeX Font Info:    ... okay on input line 127.
LaTeX Font Info:    Checking defaults for U/cmr/m/n on input line 127.
LaTeX Font Info:    ... okay on input line 127.
LaTeX Font Info:    Checking defaults for PD1/pdf/m/n on input line 127.
LaTeX Font Info:    ... okay on input line 127.
LaTeX Font Info:    Checking defaults for PU/pdf/m/n on input line 127.
LaTeX Font Info:    ... okay on input line 127.
(c:/Users/mstuart1/AppData/Roaming/TinyTeX/texmf-dist/tex/latex/epstopdf-pkg/epstopdf-base.sty
Package: epstopdf-base 2020-01-24 v2.11 Base part for package epstopdf
Package epstopdf-base Info: Redefining graphics rule for `.eps' on input line 485.
(c:/Users/mstuart1/AppData/Roaming/TinyTeX/texmf-dist/tex/latex/latexconfig/epstopdf-sys.cfg
File: epstopdf-sys.cfg 2010/07/13 v1.3 Configuration of (r)epstopdf for TeX Live
))
*geometry* driver: auto-detecting
*geometry* detected driver: pdftex
*geometry* verbose mode - [ preamble ] result:
* driver: pdftex
* paper: <default>
* layout: <same size as paper>
* layoutoffset:(h,v)=(0.0pt,0.0pt)
* modes: 
* h-part:(L,W,R)=(72.26999pt, 469.75502pt, 72.26999pt)
* v-part:(T,H,B)=(72.26999pt, 650.43001pt, 72.26999pt)
* \paperwidth=614.295pt
* \paperheight=794.96999pt
* \textwidth=469.75502pt
* \textheight=650.43001pt
* \oddsidemargin=0.0pt
* \evensidemargin=0.0pt
* \topmargin=-37.0pt
* \headheight=12.0pt
* \headsep=25.0pt
* \topskip=12.0pt
* \footskip=30.0pt
* \marginparwidth=44.0pt
* \marginparsep=10.0pt
* \columnsep=10.0pt
* \skip\footins=10.8pt plus 4.0pt minus 2.0pt
* \hoffset=0.0pt
* \voffset=0.0pt
* \mag=1000
* \@twocolumnfalse
* \@twosidefalse
* \@mparswitchfalse
* \@reversemarginfalse
* (1in=72.27pt=25.4mm, 1cm=28.453pt)

Package hyperref Info: Link coloring ON on input line 127.
(./paper.out) (./paper.out)
\@outlinefile=\write3
\openout3 = `paper.out'.

LaTeX Font Info:    Trying to load font information for OT1+lmr on input line 129.
(c:/Users/mstuart1/AppData/Roaming/TinyTeX/texmf-dist/tex/latex/lm/ot1lmr.fd
File: ot1lmr.fd 2015/05/01 v1.6.1 Font defs for Latin Modern
)
LaTeX Font Info:    Trying to load font information for OML+lmm on input line 129.
(c:/Users/mstuart1/AppData/Roaming/TinyTeX/texmf-dist/tex/latex/lm/omllmm.fd
File: omllmm.fd 2015/05/01 v1.6.1 Font defs for Latin Modern
)
LaTeX Font Info:    Trying to load font information for OMS+lmsy on input line 129.
(c:/Users/mstuart1/AppData/Roaming/TinyTeX/texmf-dist/tex/latex/lm/omslmsy.fd
File: omslmsy.fd 2015/05/01 v1.6.1 Font defs for Latin Modern
)
LaTeX Font Info:    Trying to load font information for OMX+lmex on input line 129.
(c:/Users/mstuart1/AppData/Roaming/TinyTeX/texmf-dist/tex/latex/lm/omxlmex.fd
File: omxlmex.fd 2015/05/01 v1.6.1 Font defs for Latin Modern
)
LaTeX Font Info:    External font `lmex10' loaded for size
(Font)              <14.4> on input line 129.
LaTeX Font Info:    External font `lmex10' loaded for size
(Font)              <10> on input line 129.
LaTeX Font Info:    External font `lmex10' loaded for size
(Font)              <7> on input line 129.
LaTeX Font Info:    Trying to load font information for U+msa on input line 129.
(c:/Users/mstuart1/AppData/Roaming/TinyTeX/texmf-dist/tex/latex/amsfonts/umsa.fd
File: umsa.fd 2013/01/14 v3.01 AMS symbols A
)
LaTeX Font Info:    Trying to load font information for U+msb on input line 129.
(c:/Users/mstuart1/AppData/Roaming/TinyTeX/texmf-dist/tex/latex/amsfonts/umsb.fd
File: umsb.fd 2013/01/14 v3.01 AMS symbols B
)
Overfull \hbox (109.08757pt too wide) in paragraph at lines 129--129
 [][] 
 []

[1

{c:/Users/mstuart1/AppData/Roaming/TinyTeX/texmf-var/fonts/map/pdftex/updmap/pdftex.map}{c:/Users/mstuart1/AppData/Roaming/TinyTeX/texmf-dist/fonts/enc/dvips/lm/lm-ec.enc}{c:/Users/mstuart1/AppData/Roaming/TinyTeX/texmf-dist/fonts/enc/dvips/lm/lm-rm.enc}{c:/Users/mstuart1/AppData/Roaming/TinyTeX/texmf-dist/fonts/enc/dvips/lm/lm-mathit.enc}] [2] [3]
LaTeX Font Info:    Trying to load font information for TS1+lmr on input line 307.
(c:/Users/mstuart1/AppData/Roaming/TinyTeX/texmf-dist/tex/latex/lm/ts1lmr.fd
File: ts1lmr.fd 2015/05/01 v1.6.1 Font defs for Latin Modern
)
<paper_files/figure-latex/unnamed-chunk-2-1.pdf, id=190, 469.755pt x 325.215pt>
File: paper_files/figure-latex/unnamed-chunk-2-1.pdf Graphic file (type pdf)
<use paper_files/figure-latex/unnamed-chunk-2-1.pdf>
Package pdftex.def Info: paper_files/figure-latex/unnamed-chunk-2-1.pdf  used on input line 327.
(pdftex.def)             Requested size: 469.75386pt x 325.2142pt.
LaTeX Font Info:    Trying to load font information for T1+lmtt on input line 364.
(c:/Users/mstuart1/AppData/Roaming/TinyTeX/texmf-dist/tex/latex/lm/t1lmtt.fd
File: t1lmtt.fd 2015/05/01 v1.6.1 Font defs for Latin Modern
) [4{c:/Users/mstuart1/AppData/Roaming/TinyTeX/texmf-dist/fonts/enc/dvips/lm/lm-ts1.enc}] [5]
LaTeX Font Info:    External font `lmex10' loaded for size
(Font)              <12> on input line 452.
LaTeX Font Info:    External font `lmex10' loaded for size
(Font)              <8> on input line 452.
LaTeX Font Info:    External font `lmex10' loaded for size
(Font)              <6> on input line 452.
[6] [7 <./paper_files/figure-latex/unnamed-chunk-2-1.pdf>] [8{c:/Users/mstuart1/AppData/Roaming/TinyTeX/texmf-dist/fonts/enc/dvips/lm/lm-mathsy.enc}] [9{c:/Users/mstuart1/AppData/Roaming/TinyTeX/texmf-dist/fonts/enc/dvips/lm/lm-mathex.enc}] [10] [11]

LaTeX Warning: Reference `tab:prob0-table' on page 12 undefined on input line 727.

[12]

LaTeX Warning: Reference `tab:prob0-table' on page 13 undefined on input line 753.


LaTeX Warning: Reference `tab:auc-table' on page 13 undefined on input line 760.

[13] [14]
Overfull \hbox (3.96056pt too wide) in paragraph at lines 831--832
 []\T1/lmr/m/n/12 time
 []


Overfull \hbox (4.08066pt too wide) in paragraph at lines 863--863
 []|\T1/lmr/m/n/12 0.913|
 []


Overfull \hbox (4.08066pt too wide) in paragraph at lines 863--863
 []|\T1/lmr/m/n/12 0.215|
 []


Overfull \hbox (4.08066pt too wide) in paragraph at lines 863--863
 []|\T1/lmr/m/n/12 0.359|
 []


Overfull \hbox (4.08066pt too wide) in paragraph at lines 863--863
 []|\T1/lmr/m/n/12 0.203|
 []


Overfull \hbox (4.08066pt too wide) in paragraph at lines 863--863
 []|\T1/lmr/m/n/12 0.865|
 []


Overfull \hbox (4.08066pt too wide) in paragraph at lines 863--863
 []|\T1/lmr/m/n/12 0.428|
 []


Overfull \hbox (4.08066pt too wide) in paragraph at lines 863--863
 []|\T1/lmr/m/n/12 0.853|
 []


Overfull \hbox (4.08066pt too wide) in paragraph at lines 863--863
 []|\T1/lmr/m/n/12 0.944|
 []


Overfull \hbox (4.08066pt too wide) in paragraph at lines 864--864
 []|\T1/lmr/m/n/12 0.391|
 []


Overfull \hbox (4.08066pt too wide) in paragraph at lines 864--864
 []|\T1/lmr/m/n/12 0.507|
 []


Overfull \hbox (4.08066pt too wide) in paragraph at lines 864--864
 []|\T1/lmr/m/n/12 0.959|
 []


Overfull \hbox (4.08066pt too wide) in paragraph at lines 864--864
 []|\T1/lmr/m/n/12 0.948|
 []


Overfull \hbox (4.08066pt too wide) in paragraph at lines 864--865
 []|\T1/lmr/m/n/12 0.883|
 []


Overfull \hbox (4.08066pt too wide) in paragraph at lines 865--865
 []|\T1/lmr/m/n/12 0.942|
 []


Overfull \hbox (4.08066pt too wide) in paragraph at lines 865--865
 []|\T1/lmr/m/n/12 0.212|
 []


Overfull \hbox (4.08066pt too wide) in paragraph at lines 865--865
 []|\T1/lmr/m/n/12 0.325|
 []


Overfull \hbox (4.08066pt too wide) in paragraph at lines 865--865
 []|\T1/lmr/m/n/12 0.180|
 []


Overfull \hbox (4.08066pt too wide) in paragraph at lines 865--865
 []|\T1/lmr/m/n/12 0.891|
 []


Overfull \hbox (4.08066pt too wide) in paragraph at lines 865--865
 []|\T1/lmr/m/n/12 0.404|
 []


Overfull \hbox (4.08066pt too wide) in paragraph at lines 865--865
 []|\T1/lmr/m/n/12 0.853|
 []


Overfull \hbox (4.08066pt too wide) in paragraph at lines 865--865
 []|\T1/lmr/m/n/12 0.948|
 []


Overfull \hbox (4.08066pt too wide) in paragraph at lines 866--866
 []|\T1/lmr/m/n/12 0.520|
 []


Overfull \hbox (4.08066pt too wide) in paragraph at lines 866--866
 []|\T1/lmr/m/n/12 0.520|
 []


Overfull \hbox (4.08066pt too wide) in paragraph at lines 866--866
 []|\T1/lmr/m/n/12 0.963|
 []


Overfull \hbox (4.08066pt too wide) in paragraph at lines 866--866
 []|\T1/lmr/m/n/12 0.967|
 []


Overfull \hbox (4.08066pt too wide) in paragraph at lines 866--867
 []|\T1/lmr/m/n/12 0.908|
 []


Overfull \hbox (4.08066pt too wide) in paragraph at lines 867--867
 []|\T1/lmr/m/n/12 0.843|
 []


Overfull \hbox (4.08066pt too wide) in paragraph at lines 867--867
 []|\T1/lmr/m/n/12 0.207|
 []


Overfull \hbox (4.08066pt too wide) in paragraph at lines 867--867
 []|\T1/lmr/m/n/12 0.249|
 []


Overfull \hbox (4.08066pt too wide) in paragraph at lines 867--867
 []|\T1/lmr/m/n/12 0.153|
 []


Overfull \hbox (4.08066pt too wide) in paragraph at lines 867--867
 []|\T1/lmr/m/n/12 0.770|
 []


Overfull \hbox (4.08066pt too wide) in paragraph at lines 867--867
 []|\T1/lmr/m/n/12 0.279|
 []


Overfull \hbox (4.08066pt too wide) in paragraph at lines 867--867
 []|\T1/lmr/m/n/12 0.803|
 []


Overfull \hbox (4.08066pt too wide) in paragraph at lines 867--867
 []|\T1/lmr/m/n/12 0.965|
 []


Overfull \hbox (4.08066pt too wide) in paragraph at lines 868--868
 []|\T1/lmr/m/n/12 0.289|
 []


Overfull \hbox (4.08066pt too wide) in paragraph at lines 868--868
 []|\T1/lmr/m/n/12 0.525|
 []


Overfull \hbox (4.08066pt too wide) in paragraph at lines 868--868
 []|\T1/lmr/m/n/12 0.977|
 []


Overfull \hbox (4.08066pt too wide) in paragraph at lines 868--868
 []|\T1/lmr/m/n/12 0.912|
 []


Overfull \hbox (4.08066pt too wide) in paragraph at lines 868--869
 []|\T1/lmr/m/n/12 0.777|
 []


Overfull \hbox (4.08066pt too wide) in paragraph at lines 869--869
 []|\T1/lmr/m/n/12 0.890|
 []


Overfull \hbox (4.08066pt too wide) in paragraph at lines 869--869
 []|\T1/lmr/m/n/12 0.210|
 []


Overfull \hbox (4.08066pt too wide) in paragraph at lines 869--869
 []|\T1/lmr/m/n/12 0.249|
 []


Overfull \hbox (4.08066pt too wide) in paragraph at lines 869--869
 []|\T1/lmr/m/n/12 0.201|
 []


Overfull \hbox (4.08066pt too wide) in paragraph at lines 869--869
 []|\T1/lmr/m/n/12 0.830|
 []


Overfull \hbox (4.08066pt too wide) in paragraph at lines 869--869
 []|\T1/lmr/m/n/12 0.372|
 []


Overfull \hbox (4.08066pt too wide) in paragraph at lines 869--869
 []|\T1/lmr/m/n/12 0.741|
 []


Overfull \hbox (4.08066pt too wide) in paragraph at lines 869--869
 []|\T1/lmr/m/n/12 0.977|
 []


Overfull \hbox (4.08066pt too wide) in paragraph at lines 870--870
 []|\T1/lmr/m/n/12 0.435|
 []


Overfull \hbox (4.08066pt too wide) in paragraph at lines 870--870
 []|\T1/lmr/m/n/12 0.589|
 []


Overfull \hbox (4.08066pt too wide) in paragraph at lines 870--870
 []|\T1/lmr/m/n/12 0.986|
 []


Overfull \hbox (4.08066pt too wide) in paragraph at lines 870--870
 []|\T1/lmr/m/n/12 0.935|
 []


Overfull \hbox (4.08066pt too wide) in paragraph at lines 870--871
 []|\T1/lmr/m/n/12 0.831|
 []


Overfull \hbox (4.08066pt too wide) in paragraph at lines 871--871
 []|\T1/lmr/m/n/12 0.954|
 []


Overfull \hbox (4.08066pt too wide) in paragraph at lines 871--871
 []|\T1/lmr/m/n/12 0.211|
 []


Overfull \hbox (4.08066pt too wide) in paragraph at lines 871--871
 []|\T1/lmr/m/n/12 0.211|
 []


Overfull \hbox (4.08066pt too wide) in paragraph at lines 871--871
 []|\T1/lmr/m/n/12 0.195|
 []


Overfull \hbox (4.08066pt too wide) in paragraph at lines 871--871
 []|\T1/lmr/m/n/12 0.909|
 []


Overfull \hbox (4.08066pt too wide) in paragraph at lines 871--871
 []|\T1/lmr/m/n/12 0.377|
 []


Overfull \hbox (4.08066pt too wide) in paragraph at lines 871--871
 []|\T1/lmr/m/n/12 0.756|
 []


Overfull \hbox (4.08066pt too wide) in paragraph at lines 871--871
 []|\T1/lmr/m/n/12 0.985|
 []


Overfull \hbox (4.08066pt too wide) in paragraph at lines 872--872
 []|\T1/lmr/m/n/12 0.533|
 []


Overfull \hbox (4.08066pt too wide) in paragraph at lines 872--872
 []|\T1/lmr/m/n/12 0.622|
 []


Overfull \hbox (4.08066pt too wide) in paragraph at lines 872--872
 []|\T1/lmr/m/n/12 0.992|
 []


Overfull \hbox (4.08066pt too wide) in paragraph at lines 872--872
 []|\T1/lmr/m/n/12 0.975|
 []


Overfull \hbox (4.08066pt too wide) in paragraph at lines 872--873
 []|\T1/lmr/m/n/12 0.921|
 []


Overfull \hbox (4.08066pt too wide) in paragraph at lines 873--873
 []|\T1/lmr/m/n/12 0.885|
 []


Overfull \hbox (4.08066pt too wide) in paragraph at lines 873--873
 []|\T1/lmr/m/n/12 0.211|
 []


Overfull \hbox (4.08066pt too wide) in paragraph at lines 873--873
 []|\T1/lmr/m/n/12 0.134|
 []


Overfull \hbox (4.08066pt too wide) in paragraph at lines 873--873
 []|\T1/lmr/m/n/12 0.171|
 []


Overfull \hbox (4.08066pt too wide) in paragraph at lines 873--873
 []|\T1/lmr/m/n/12 0.820|
 []


Overfull \hbox (4.08066pt too wide) in paragraph at lines 873--873
 []|\T1/lmr/m/n/12 0.291|
 []


Overfull \hbox (4.08066pt too wide) in paragraph at lines 873--873
 []|\T1/lmr/m/n/12 0.686|
 []


Overfull \hbox (4.08066pt too wide) in paragraph at lines 873--873
 []|\T1/lmr/m/n/12 0.991|
 []


Overfull \hbox (4.08066pt too wide) in paragraph at lines 874--874
 []|\T1/lmr/m/n/12 0.645|
 []


Overfull \hbox (4.08066pt too wide) in paragraph at lines 874--874
 []|\T1/lmr/m/n/12 0.456|
 []


Overfull \hbox (4.08066pt too wide) in paragraph at lines 874--874
 []|\T1/lmr/m/n/12 0.996|
 []


Overfull \hbox (4.08066pt too wide) in paragraph at lines 874--874
 []|\T1/lmr/m/n/12 0.949|
 []


Overfull \hbox (4.08066pt too wide) in paragraph at lines 874--875
 []|\T1/lmr/m/n/12 0.811|
 []


Overfull \hbox (4.08066pt too wide) in paragraph at lines 875--875
 []|\T1/lmr/m/n/12 0.812|
 []


Overfull \hbox (4.08066pt too wide) in paragraph at lines 875--875
 []|\T1/lmr/m/n/12 0.211|
 []


Overfull \hbox (4.08066pt too wide) in paragraph at lines 875--875
 []|\T1/lmr/m/n/12 0.124|
 []


Overfull \hbox (4.08066pt too wide) in paragraph at lines 875--875
 []|\T1/lmr/m/n/12 0.239|
 []


Overfull \hbox (4.08066pt too wide) in paragraph at lines 875--875
 []|\T1/lmr/m/n/12 0.760|
 []


Overfull \hbox (4.08066pt too wide) in paragraph at lines 875--875
 []|\T1/lmr/m/n/12 0.340|
 []


Overfull \hbox (4.08066pt too wide) in paragraph at lines 875--875
 []|\T1/lmr/m/n/12 0.617|
 []


Overfull \hbox (4.08066pt too wide) in paragraph at lines 875--875
 []|\T1/lmr/m/n/12 0.994|
 []


Overfull \hbox (4.08066pt too wide) in paragraph at lines 876--876
 []|\T1/lmr/m/n/12 0.224|
 []


Overfull \hbox (4.08066pt too wide) in paragraph at lines 876--876
 []|\T1/lmr/m/n/12 0.717|
 []


Overfull \hbox (4.08066pt too wide) in paragraph at lines 876--876
 []|\T1/lmr/m/n/12 0.999|
 []


Overfull \hbox (4.08066pt too wide) in paragraph at lines 876--876
 []|\T1/lmr/m/n/12 0.879|
 []


Overfull \hbox (4.08066pt too wide) in paragraph at lines 876--877
 []|\T1/lmr/m/n/12 0.747|
 []


Overfull \hbox (4.08066pt too wide) in paragraph at lines 877--877
 []|\T1/lmr/m/n/12 0.928|
 []


Overfull \hbox (4.08066pt too wide) in paragraph at lines 877--877
 []|\T1/lmr/m/n/12 0.210|
 []


Overfull \hbox (4.08066pt too wide) in paragraph at lines 877--877
 []|\T1/lmr/m/n/12 0.135|
 []


Overfull \hbox (4.08066pt too wide) in paragraph at lines 877--877
 []|\T1/lmr/m/n/12 0.258|
 []


Overfull \hbox (4.08066pt too wide) in paragraph at lines 877--877
 []|\T1/lmr/m/n/12 0.885|
 []


Overfull \hbox (4.08066pt too wide) in paragraph at lines 877--877
 []|\T1/lmr/m/n/12 0.387|
 []


Overfull \hbox (4.08066pt too wide) in paragraph at lines 877--877
 []|\T1/lmr/m/n/12 0.706|
 []


Overfull \hbox (4.08066pt too wide) in paragraph at lines 877--877
 []|\T1/lmr/m/n/12 0.994|
 []


Overfull \hbox (4.08066pt too wide) in paragraph at lines 878--878
 []|\T1/lmr/m/n/12 0.342|
 []


Overfull \hbox (4.08066pt too wide) in paragraph at lines 878--878
 []|\T1/lmr/m/n/12 0.730|
 []


Overfull \hbox (4.08066pt too wide) in paragraph at lines 878--878
 []|\T1/lmr/m/n/12 1.000|
 []


Overfull \hbox (4.08066pt too wide) in paragraph at lines 878--878
 []|\T1/lmr/m/n/12 0.969|
 []


Overfull \hbox (4.08066pt too wide) in paragraph at lines 878--879
 []|\T1/lmr/m/n/12 0.872|
 []


Overfull \hbox (4.08066pt too wide) in paragraph at lines 879--879
 []|\T1/lmr/m/n/12 0.899|
 []


Overfull \hbox (4.08066pt too wide) in paragraph at lines 879--879
 []|\T1/lmr/m/n/12 0.213|
 []


Overfull \hbox (4.08066pt too wide) in paragraph at lines 879--879
 []|\T1/lmr/m/n/12 0.145|
 []


Overfull \hbox (4.08066pt too wide) in paragraph at lines 879--879
 []|\T1/lmr/m/n/12 0.304|
 []


Overfull \hbox (4.08066pt too wide) in paragraph at lines 879--879
 []|\T1/lmr/m/n/12 0.857|
 []


Overfull \hbox (4.08066pt too wide) in paragraph at lines 879--879
 []|\T1/lmr/m/n/12 0.406|
 []


Overfull \hbox (4.08066pt too wide) in paragraph at lines 879--879
 []|\T1/lmr/m/n/12 0.715|
 []


Overfull \hbox (4.08066pt too wide) in paragraph at lines 879--879
 []|\T1/lmr/m/n/12 0.995|
 []


Overfull \hbox (4.08066pt too wide) in paragraph at lines 880--880
 []|\T1/lmr/m/n/12 0.521|
 []


Overfull \hbox (4.08066pt too wide) in paragraph at lines 880--880
 []|\T1/lmr/m/n/12 0.756|
 []


Overfull \hbox (4.08066pt too wide) in paragraph at lines 880--880
 []|\T1/lmr/m/n/12 1.000|
 []


Overfull \hbox (4.08066pt too wide) in paragraph at lines 880--880
 []|\T1/lmr/m/n/12 0.940|
 []


Overfull \hbox (4.08066pt too wide) in paragraph at lines 880--881
 []|\T1/lmr/m/n/12 0.845|
 []


Overfull \hbox (4.08066pt too wide) in paragraph at lines 881--881
 []|\T1/lmr/m/n/12 0.954|
 []


Overfull \hbox (4.08066pt too wide) in paragraph at lines 881--881
 []|\T1/lmr/m/n/12 0.217|
 []


Overfull \hbox (4.08066pt too wide) in paragraph at lines 881--881
 []|\T1/lmr/m/n/12 0.235|
 []


Overfull \hbox (4.08066pt too wide) in paragraph at lines 881--881
 []|\T1/lmr/m/n/12 0.555|
 []


Overfull \hbox (4.08066pt too wide) in paragraph at lines 881--881
 []|\T1/lmr/m/n/12 0.940|
 []


Overfull \hbox (4.08066pt too wide) in paragraph at lines 881--881
 []|\T1/lmr/m/n/12 0.571|
 []


Overfull \hbox (4.08066pt too wide) in paragraph at lines 881--881
 []|\T1/lmr/m/n/12 0.810|
 []


Overfull \hbox (4.08066pt too wide) in paragraph at lines 881--881
 []|\T1/lmr/m/n/12 0.997|
 []


Overfull \hbox (4.08066pt too wide) in paragraph at lines 882--882
 []|\T1/lmr/m/n/12 0.454|
 []


Overfull \hbox (4.08066pt too wide) in paragraph at lines 882--882
 []|\T1/lmr/m/n/12 0.719|
 []


Overfull \hbox (4.08066pt too wide) in paragraph at lines 882--882
 []|\T1/lmr/m/n/12 1.000|
 []


Overfull \hbox (4.08066pt too wide) in paragraph at lines 882--882
 []|\T1/lmr/m/n/12 0.976|
 []


Overfull \hbox (4.08066pt too wide) in paragraph at lines 882--883
 []|\T1/lmr/m/n/12 0.935|
 []


Overfull \hbox (4.08066pt too wide) in paragraph at lines 883--883
 []|\T1/lmr/m/n/12 0.913|
 []


Overfull \hbox (4.08066pt too wide) in paragraph at lines 883--883
 []|\T1/lmr/m/n/12 0.211|
 []


Overfull \hbox (4.08066pt too wide) in paragraph at lines 883--883
 []|\T1/lmr/m/n/12 0.162|
 []


Overfull \hbox (4.08066pt too wide) in paragraph at lines 883--883
 []|\T1/lmr/m/n/12 0.476|
 []


Overfull \hbox (4.08066pt too wide) in paragraph at lines 883--883
 []|\T1/lmr/m/n/12 0.875|
 []


Overfull \hbox (4.08066pt too wide) in paragraph at lines 883--883
 []|\T1/lmr/m/n/12 0.388|
 []


Overfull \hbox (4.08066pt too wide) in paragraph at lines 883--883
 []|\T1/lmr/m/n/12 0.703|
 []


Overfull \hbox (4.08066pt too wide) in paragraph at lines 883--883
 []|\T1/lmr/m/n/12 0.997|
 []


Overfull \hbox (4.08066pt too wide) in paragraph at lines 884--884
 []|\T1/lmr/m/n/12 0.363|
 []


Overfull \hbox (4.08066pt too wide) in paragraph at lines 884--884
 []|\T1/lmr/m/n/12 0.657|
 []


Overfull \hbox (4.08066pt too wide) in paragraph at lines 884--884
 []|\T1/lmr/m/n/12 1.000|
 []


Overfull \hbox (4.08066pt too wide) in paragraph at lines 884--884
 []|\T1/lmr/m/n/12 0.957|
 []


Overfull \hbox (4.08066pt too wide) in paragraph at lines 884--885
 []|\T1/lmr/m/n/12 0.864|
 []


Overfull \hbox (4.08066pt too wide) in paragraph at lines 885--885
 []|\T1/lmr/m/n/12 0.949|
 []


Overfull \hbox (4.08066pt too wide) in paragraph at lines 885--885
 []|\T1/lmr/m/n/12 0.221|
 []


Overfull \hbox (4.08066pt too wide) in paragraph at lines 885--885
 []|\T1/lmr/m/n/12 0.262|
 []


Overfull \hbox (4.08066pt too wide) in paragraph at lines 885--885
 []|\T1/lmr/m/n/12 0.726|
 []


Overfull \hbox (4.08066pt too wide) in paragraph at lines 885--885
 []|\T1/lmr/m/n/12 0.929|
 []


Overfull \hbox (4.08066pt too wide) in paragraph at lines 885--885
 []|\T1/lmr/m/n/12 0.585|
 []


Overfull \hbox (4.08066pt too wide) in paragraph at lines 885--885
 []|\T1/lmr/m/n/12 0.803|
 []


Overfull \hbox (4.08066pt too wide) in paragraph at lines 885--885
 []|\T1/lmr/m/n/12 0.997|
 []


Overfull \hbox (4.08066pt too wide) in paragraph at lines 886--886
 []|\T1/lmr/m/n/12 0.462|
 []


Overfull \hbox (4.08066pt too wide) in paragraph at lines 886--886
 []|\T1/lmr/m/n/12 0.595|
 []


Overfull \hbox (4.08066pt too wide) in paragraph at lines 886--886
 []|\T1/lmr/m/n/12 1.000|
 []


Overfull \hbox (4.08066pt too wide) in paragraph at lines 886--886
 []|\T1/lmr/m/n/12 0.968|
 []


Overfull \hbox (4.08066pt too wide) in paragraph at lines 886--887
 []|\T1/lmr/m/n/12 0.926|
 []


Overfull \hbox (4.08066pt too wide) in paragraph at lines 887--887
 []|\T1/lmr/m/n/12 0.904|
 []


Overfull \hbox (4.08066pt too wide) in paragraph at lines 887--887
 []|\T1/lmr/m/n/12 0.220|
 []


Overfull \hbox (4.08066pt too wide) in paragraph at lines 887--887
 []|\T1/lmr/m/n/12 0.260|
 []


Overfull \hbox (4.08066pt too wide) in paragraph at lines 887--887
 []|\T1/lmr/m/n/12 0.789|
 []


Overfull \hbox (4.08066pt too wide) in paragraph at lines 887--887
 []|\T1/lmr/m/n/12 0.885|
 []


Overfull \hbox (4.08066pt too wide) in paragraph at lines 887--887
 []|\T1/lmr/m/n/12 0.598|
 []


Overfull \hbox (4.08066pt too wide) in paragraph at lines 887--887
 []|\T1/lmr/m/n/12 0.795|
 []


Overfull \hbox (4.08066pt too wide) in paragraph at lines 887--887
 []|\T1/lmr/m/n/12 0.998|
 []


Overfull \hbox (4.08066pt too wide) in paragraph at lines 888--888
 []|\T1/lmr/m/n/12 0.470|
 []


Overfull \hbox (4.08066pt too wide) in paragraph at lines 888--888
 []|\T1/lmr/m/n/12 0.370|
 []


Overfull \hbox (4.08066pt too wide) in paragraph at lines 888--888
 []|\T1/lmr/m/n/12 1.000|
 []


Overfull \hbox (4.08066pt too wide) in paragraph at lines 888--888
 []|\T1/lmr/m/n/12 0.929|
 []


Overfull \hbox (4.08066pt too wide) in paragraph at lines 888--889
 []|\T1/lmr/m/n/12 0.872|
 []


Overfull \hbox (4.08066pt too wide) in paragraph at lines 889--889
 []|\T1/lmr/m/n/12 0.925|
 []


Overfull \hbox (4.08066pt too wide) in paragraph at lines 889--889
 []|\T1/lmr/m/n/12 0.220|
 []


Overfull \hbox (4.08066pt too wide) in paragraph at lines 889--889
 []|\T1/lmr/m/n/12 0.280|
 []


Overfull \hbox (4.08066pt too wide) in paragraph at lines 889--889
 []|\T1/lmr/m/n/12 0.883|
 []


Overfull \hbox (4.08066pt too wide) in paragraph at lines 889--889
 []|\T1/lmr/m/n/12 0.906|
 []


Overfull \hbox (4.08066pt too wide) in paragraph at lines 889--889
 []|\T1/lmr/m/n/12 0.659|
 []


Overfull \hbox (4.08066pt too wide) in paragraph at lines 889--889
 []|\T1/lmr/m/n/12 0.854|
 []


Overfull \hbox (4.08066pt too wide) in paragraph at lines 889--889
 []|\T1/lmr/m/n/12 0.997|
 []


Overfull \hbox (4.08066pt too wide) in paragraph at lines 890--890
 []|\T1/lmr/m/n/12 0.526|
 []


Overfull \hbox (4.08066pt too wide) in paragraph at lines 890--890
 []|\T1/lmr/m/n/12 0.472|
 []


Overfull \hbox (4.08066pt too wide) in paragraph at lines 890--890
 []|\T1/lmr/m/n/12 1.000|
 []


Overfull \hbox (4.08066pt too wide) in paragraph at lines 890--890
 []|\T1/lmr/m/n/12 0.958|
 []


Overfull \hbox (4.08066pt too wide) in paragraph at lines 890--891
 []|\T1/lmr/m/n/12 0.898|
 []


Overfull \hbox (4.08066pt too wide) in paragraph at lines 891--891
 []|\T1/lmr/m/n/12 0.880|
 []


Overfull \hbox (4.08066pt too wide) in paragraph at lines 891--891
 []|\T1/lmr/m/n/12 0.225|
 []


Overfull \hbox (4.08066pt too wide) in paragraph at lines 891--891
 []|\T1/lmr/m/n/12 0.283|
 []


Overfull \hbox (4.08066pt too wide) in paragraph at lines 891--891
 []|\T1/lmr/m/n/12 0.839|
 []


Overfull \hbox (4.08066pt too wide) in paragraph at lines 891--891
 []|\T1/lmr/m/n/12 0.849|
 []


Overfull \hbox (4.08066pt too wide) in paragraph at lines 891--891
 []|\T1/lmr/m/n/12 0.617|
 []


Overfull \hbox (4.08066pt too wide) in paragraph at lines 891--891
 []|\T1/lmr/m/n/12 0.796|
 []


Overfull \hbox (4.08066pt too wide) in paragraph at lines 891--891
 []|\T1/lmr/m/n/12 0.997|
 []


Overfull \hbox (4.08066pt too wide) in paragraph at lines 892--892
 []|\T1/lmr/m/n/12 0.490|
 []


Overfull \hbox (4.08066pt too wide) in paragraph at lines 892--892
 []|\T1/lmr/m/n/12 0.398|
 []


Overfull \hbox (4.08066pt too wide) in paragraph at lines 892--892
 []|\T1/lmr/m/n/12 1.000|
 []


Overfull \hbox (4.08066pt too wide) in paragraph at lines 892--892
 []|\T1/lmr/m/n/12 0.919|
 []


Overfull \hbox (4.08066pt too wide) in paragraph at lines 892--893
 []|\T1/lmr/m/n/12 0.834|
 []


Overfull \hbox (4.08066pt too wide) in paragraph at lines 893--893
 []|\T1/lmr/m/n/12 0.953|
 []


Overfull \hbox (4.08066pt too wide) in paragraph at lines 893--893
 []|\T1/lmr/m/n/12 0.216|
 []


Overfull \hbox (4.08066pt too wide) in paragraph at lines 893--893
 []|\T1/lmr/m/n/12 0.276|
 []


Overfull \hbox (4.08066pt too wide) in paragraph at lines 893--893
 []|\T1/lmr/m/n/12 0.931|
 []


Overfull \hbox (4.08066pt too wide) in paragraph at lines 893--893
 []|\T1/lmr/m/n/12 0.931|
 []


Overfull \hbox (4.08066pt too wide) in paragraph at lines 893--893
 []|\T1/lmr/m/n/12 0.614|
 []


Overfull \hbox (4.08066pt too wide) in paragraph at lines 893--893
 []|\T1/lmr/m/n/12 0.831|
 []


Overfull \hbox (4.08066pt too wide) in paragraph at lines 893--893
 []|\T1/lmr/m/n/12 0.997|
 []


Overfull \hbox (4.08066pt too wide) in paragraph at lines 894--894
 []|\T1/lmr/m/n/12 0.414|
 []


Overfull \hbox (4.08066pt too wide) in paragraph at lines 894--894
 []|\T1/lmr/m/n/12 0.541|
 []


Overfull \hbox (4.08066pt too wide) in paragraph at lines 894--894
 []|\T1/lmr/m/n/12 1.000|
 []


Overfull \hbox (4.08066pt too wide) in paragraph at lines 894--894
 []|\T1/lmr/m/n/12 0.975|
 []


Overfull \hbox (4.08066pt too wide) in paragraph at lines 894--895
 []|\T1/lmr/m/n/12 0.925|
 []


Overfull \hbox (4.08066pt too wide) in paragraph at lines 895--895
 []|\T1/lmr/m/n/12 0.803|
 []


Overfull \hbox (4.08066pt too wide) in paragraph at lines 895--895
 []|\T1/lmr/m/n/12 0.219|
 []


Overfull \hbox (4.08066pt too wide) in paragraph at lines 895--895
 []|\T1/lmr/m/n/12 0.232|
 []


Overfull \hbox (4.08066pt too wide) in paragraph at lines 895--895
 []|\T1/lmr/m/n/12 0.832|
 []


Overfull \hbox (4.08066pt too wide) in paragraph at lines 895--895
 []|\T1/lmr/m/n/12 0.765|
 []


Overfull \hbox (4.08066pt too wide) in paragraph at lines 895--895
 []|\T1/lmr/m/n/12 0.383|
 []


Overfull \hbox (4.08066pt too wide) in paragraph at lines 895--895
 []|\T1/lmr/m/n/12 0.655|
 []


Overfull \hbox (4.08066pt too wide) in paragraph at lines 895--895
 []|\T1/lmr/m/n/12 0.996|
 []


Overfull \hbox (4.08066pt too wide) in paragraph at lines 896--896
 []|\T1/lmr/m/n/12 0.569|
 []


Overfull \hbox (4.08066pt too wide) in paragraph at lines 896--896
 []|\T1/lmr/m/n/12 0.758|
 []


Overfull \hbox (4.08066pt too wide) in paragraph at lines 896--896
 []|\T1/lmr/m/n/12 1.000|
 []


Overfull \hbox (4.08066pt too wide) in paragraph at lines 896--896
 []|\T1/lmr/m/n/12 0.854|
 []


Overfull \hbox (4.08066pt too wide) in paragraph at lines 896--897
 []|\T1/lmr/m/n/12 0.751|
 []


Overfull \hbox (4.08066pt too wide) in paragraph at lines 897--897
 []|\T1/lmr/m/n/12 0.780|
 []


Overfull \hbox (4.08066pt too wide) in paragraph at lines 897--897
 []|\T1/lmr/m/n/12 0.212|
 []


Overfull \hbox (4.08066pt too wide) in paragraph at lines 897--897
 []|\T1/lmr/m/n/12 0.225|
 []


Overfull \hbox (4.08066pt too wide) in paragraph at lines 897--897
 []|\T1/lmr/m/n/12 0.817|
 []


Overfull \hbox (4.08066pt too wide) in paragraph at lines 897--897
 []|\T1/lmr/m/n/12 0.726|
 []


Overfull \hbox (4.08066pt too wide) in paragraph at lines 897--897
 []|\T1/lmr/m/n/12 0.297|
 []


Overfull \hbox (4.08066pt too wide) in paragraph at lines 897--897
 []|\T1/lmr/m/n/12 0.558|
 []


Overfull \hbox (4.08066pt too wide) in paragraph at lines 897--897
 []|\T1/lmr/m/n/12 0.995|
 []


Overfull \hbox (4.08066pt too wide) in paragraph at lines 898--898
 []|\T1/lmr/m/n/12 0.705|
 []


Overfull \hbox (4.08066pt too wide) in paragraph at lines 898--898
 []|\T1/lmr/m/n/12 0.722|
 []


Overfull \hbox (4.08066pt too wide) in paragraph at lines 898--898
 []|\T1/lmr/m/n/12 0.999|
 []


Overfull \hbox (4.08066pt too wide) in paragraph at lines 898--898
 []|\T1/lmr/m/n/12 0.859|
 []


Overfull \hbox (4.08066pt too wide) in paragraph at lines 898--899
 []|\T1/lmr/m/n/12 0.717|
 []


Overfull \hbox (3.96056pt too wide) in paragraph at lines 918--919
 []\T1/lmr/m/n/12 time
 []


Overfull \hbox (4.08066pt too wide) in paragraph at lines 950--950
 []|\T1/lmr/m/n/12 0.500|
 []


Overfull \hbox (4.08066pt too wide) in paragraph at lines 950--950
 []|\T1/lmr/m/n/12 0.500|
 []


Overfull \hbox (4.08066pt too wide) in paragraph at lines 950--950
 []|\T1/lmr/m/n/12 0.500|
 []


Overfull \hbox (4.08066pt too wide) in paragraph at lines 950--950
 []|\T1/lmr/m/n/12 0.500|
 []


Overfull \hbox (4.08066pt too wide) in paragraph at lines 950--950
 []|\T1/lmr/m/n/12 0.500|
 []


Overfull \hbox (4.08066pt too wide) in paragraph at lines 950--950
 []|\T1/lmr/m/n/12 0.500|
 []


Overfull \hbox (4.08066pt too wide) in paragraph at lines 950--950
 []|\T1/lmr/m/n/12 0.500|
 []


Overfull \hbox (4.08066pt too wide) in paragraph at lines 950--950
 []|\T1/lmr/m/n/12 0.500|
 []


Overfull \hbox (4.08066pt too wide) in paragraph at lines 951--951
 []|\T1/lmr/m/n/12 0.500|
 []


Overfull \hbox (4.08066pt too wide) in paragraph at lines 951--951
 []|\T1/lmr/m/n/12 0.500|
 []


Overfull \hbox (4.08066pt too wide) in paragraph at lines 951--951
 []|\T1/lmr/m/n/12 0.500|
 []


Overfull \hbox (4.08066pt too wide) in paragraph at lines 951--951
 []|\T1/lmr/m/n/12 0.500|
 []


Overfull \hbox (4.08066pt too wide) in paragraph at lines 951--952
 []|\T1/lmr/m/n/12 0.500|
 []


Overfull \hbox (4.08066pt too wide) in paragraph at lines 952--952
 []|\T1/lmr/m/n/12 0.514|
 []


Overfull \hbox (4.08066pt too wide) in paragraph at lines 952--952
 []|\T1/lmr/m/n/12 0.504|
 []


Overfull \hbox (4.08066pt too wide) in paragraph at lines 952--952
 []|\T1/lmr/m/n/12 0.509|
 []


Overfull \hbox (4.08066pt too wide) in paragraph at lines 952--952
 []|\T1/lmr/m/n/12 0.495|
 []


Overfull \hbox (4.08066pt too wide) in paragraph at lines 952--952
 []|\T1/lmr/m/n/12 0.512|
 []


Overfull \hbox (4.08066pt too wide) in paragraph at lines 952--952
 []|\T1/lmr/m/n/12 0.508|
 []


Overfull \hbox (4.08066pt too wide) in paragraph at lines 952--952
 []|\T1/lmr/m/n/12 0.517|
 []


Overfull \hbox (4.08066pt too wide) in paragraph at lines 952--952
 []|\T1/lmr/m/n/12 0.495|
 []


Overfull \hbox (4.08066pt too wide) in paragraph at lines 953--953
 []|\T1/lmr/m/n/12 0.396|
 []


Overfull \hbox (4.08066pt too wide) in paragraph at lines 953--953
 []|\T1/lmr/m/n/12 0.490|
 []


Overfull \hbox (4.08066pt too wide) in paragraph at lines 953--953
 []|\T1/lmr/m/n/12 0.495|
 []


Overfull \hbox (4.08066pt too wide) in paragraph at lines 953--953
 []|\T1/lmr/m/n/12 0.511|
 []


Overfull \hbox (4.08066pt too wide) in paragraph at lines 953--954
 []|\T1/lmr/m/n/12 0.513|
 []


Overfull \hbox (4.08066pt too wide) in paragraph at lines 954--954
 []|\T1/lmr/m/n/12 0.636|
 []


Overfull \hbox (4.08066pt too wide) in paragraph at lines 954--954
 []|\T1/lmr/m/n/12 0.514|
 []


Overfull \hbox (4.08066pt too wide) in paragraph at lines 954--954
 []|\T1/lmr/m/n/12 0.559|
 []


Overfull \hbox (4.08066pt too wide) in paragraph at lines 954--954
 []|\T1/lmr/m/n/12 0.516|
 []


Overfull \hbox (4.08066pt too wide) in paragraph at lines 954--954
 []|\T1/lmr/m/n/12 0.628|
 []


Overfull \hbox (4.08066pt too wide) in paragraph at lines 954--954
 []|\T1/lmr/m/n/12 0.601|
 []


Overfull \hbox (4.08066pt too wide) in paragraph at lines 954--954
 []|\T1/lmr/m/n/12 0.602|
 []


Overfull \hbox (4.08066pt too wide) in paragraph at lines 954--954
 []|\T1/lmr/m/n/12 0.475|
 []


Overfull \hbox (4.08066pt too wide) in paragraph at lines 955--955
 []|\T1/lmr/m/n/12 0.523|
 []


Overfull \hbox (4.08066pt too wide) in paragraph at lines 955--955
 []|\T1/lmr/m/n/12 0.480|
 []


Overfull \hbox (4.08066pt too wide) in paragraph at lines 955--955
 []|\T1/lmr/m/n/12 0.476|
 []


Overfull \hbox (4.08066pt too wide) in paragraph at lines 955--955
 []|\T1/lmr/m/n/12 0.626|
 []


Overfull \hbox (4.08066pt too wide) in paragraph at lines 955--956
 []|\T1/lmr/m/n/12 0.641|
 []


Overfull \hbox (4.08066pt too wide) in paragraph at lines 956--956
 []|\T1/lmr/m/n/12 0.563|
 []


Overfull \hbox (4.08066pt too wide) in paragraph at lines 956--956
 []|\T1/lmr/m/n/12 0.509|
 []


Overfull \hbox (4.08066pt too wide) in paragraph at lines 956--956
 []|\T1/lmr/m/n/12 0.544|
 []


Overfull \hbox (4.08066pt too wide) in paragraph at lines 956--956
 []|\T1/lmr/m/n/12 0.459|
 []


Overfull \hbox (4.08066pt too wide) in paragraph at lines 956--956
 []|\T1/lmr/m/n/12 0.558|
 []


Overfull \hbox (4.08066pt too wide) in paragraph at lines 956--956
 []|\T1/lmr/m/n/12 0.539|
 []


Overfull \hbox (4.08066pt too wide) in paragraph at lines 956--956
 []|\T1/lmr/m/n/12 0.672|
 []


Overfull \hbox (4.08066pt too wide) in paragraph at lines 956--956
 []|\T1/lmr/m/n/12 0.456|
 []


Overfull \hbox (4.08066pt too wide) in paragraph at lines 957--957
 []|\T1/lmr/m/n/12 0.436|
 []


Overfull \hbox (4.08066pt too wide) in paragraph at lines 957--957
 []|\T1/lmr/m/n/12 0.450|
 []


Overfull \hbox (4.08066pt too wide) in paragraph at lines 957--957
 []|\T1/lmr/m/n/12 0.458|
 []


Overfull \hbox (4.08066pt too wide) in paragraph at lines 957--957
 []|\T1/lmr/m/n/12 0.556|
 []


Overfull \hbox (4.08066pt too wide) in paragraph at lines 957--958
 []|\T1/lmr/m/n/12 0.562|
 []


Overfull \hbox (4.08066pt too wide) in paragraph at lines 958--958
 []|\T1/lmr/m/n/12 0.543|
 []


Overfull \hbox (4.08066pt too wide) in paragraph at lines 958--958
 []|\T1/lmr/m/n/12 0.507|
 []


Overfull \hbox (4.08066pt too wide) in paragraph at lines 958--958
 []|\T1/lmr/m/n/12 0.551|
 []


Overfull \hbox (4.08066pt too wide) in paragraph at lines 958--958
 []|\T1/lmr/m/n/12 0.417|
 []


Overfull \hbox (4.08066pt too wide) in paragraph at lines 958--958
 []|\T1/lmr/m/n/12 0.539|
 []


Overfull \hbox (4.08066pt too wide) in paragraph at lines 958--958
 []|\T1/lmr/m/n/12 0.522|
 []


Overfull \hbox (4.08066pt too wide) in paragraph at lines 958--958
 []|\T1/lmr/m/n/12 0.687|
 []


Overfull \hbox (4.08066pt too wide) in paragraph at lines 958--958
 []|\T1/lmr/m/n/12 0.436|
 []


Overfull \hbox (4.08066pt too wide) in paragraph at lines 959--959
 []|\T1/lmr/m/n/12 0.389|
 []


Overfull \hbox (4.08066pt too wide) in paragraph at lines 959--959
 []|\T1/lmr/m/n/12 0.425|
 []


Overfull \hbox (4.08066pt too wide) in paragraph at lines 959--959
 []|\T1/lmr/m/n/12 0.439|
 []


Overfull \hbox (4.08066pt too wide) in paragraph at lines 959--959
 []|\T1/lmr/m/n/12 0.537|
 []


Overfull \hbox (4.08066pt too wide) in paragraph at lines 959--960
 []|\T1/lmr/m/n/12 0.544|
 []


Overfull \hbox (4.08066pt too wide) in paragraph at lines 960--960
 []|\T1/lmr/m/n/12 0.618|
 []


Overfull \hbox (4.08066pt too wide) in paragraph at lines 960--960
 []|\T1/lmr/m/n/12 0.512|
 []


Overfull \hbox (4.08066pt too wide) in paragraph at lines 960--960
 []|\T1/lmr/m/n/12 0.589|
 []


Overfull \hbox (4.08066pt too wide) in paragraph at lines 960--960
 []|\T1/lmr/m/n/12 0.415|
 []


Overfull \hbox (4.08066pt too wide) in paragraph at lines 960--960
 []|\T1/lmr/m/n/12 0.613|
 []


Overfull \hbox (4.08066pt too wide) in paragraph at lines 960--960
 []|\T1/lmr/m/n/12 0.579|
 []


Overfull \hbox (4.08066pt too wide) in paragraph at lines 960--960
 []|\T1/lmr/m/n/12 0.716|
 []


Overfull \hbox (4.08066pt too wide) in paragraph at lines 960--960
 []|\T1/lmr/m/n/12 0.415|
 []


Overfull \hbox (4.08066pt too wide) in paragraph at lines 961--961
 []|\T1/lmr/m/n/12 0.317|
 []


Overfull \hbox (4.08066pt too wide) in paragraph at lines 961--961
 []|\T1/lmr/m/n/12 0.522|
 []


Overfull \hbox (4.08066pt too wide) in paragraph at lines 961--961
 []|\T1/lmr/m/n/12 0.419|
 []


Overfull \hbox (4.08066pt too wide) in paragraph at lines 961--961
 []|\T1/lmr/m/n/12 0.612|
 []


Overfull \hbox (4.08066pt too wide) in paragraph at lines 961--962
 []|\T1/lmr/m/n/12 0.620|
 []


Overfull \hbox (4.08066pt too wide) in paragraph at lines 962--962
 []|\T1/lmr/m/n/12 0.591|
 []


Overfull \hbox (4.08066pt too wide) in paragraph at lines 962--962
 []|\T1/lmr/m/n/12 0.510|
 []


Overfull \hbox (4.08066pt too wide) in paragraph at lines 962--962
 []|\T1/lmr/m/n/12 0.601|
 []


Overfull \hbox (4.08066pt too wide) in paragraph at lines 962--962
 []|\T1/lmr/m/n/12 0.364|
 []


Overfull \hbox (4.08066pt too wide) in paragraph at lines 962--962
 []|\T1/lmr/m/n/12 0.589|
 []


Overfull \hbox (4.08066pt too wide) in paragraph at lines 962--962
 []|\T1/lmr/m/n/12 0.564|
 []


Overfull \hbox (4.08066pt too wide) in paragraph at lines 962--962
 []|\T1/lmr/m/n/12 0.712|
 []


Overfull \hbox (4.08066pt too wide) in paragraph at lines 962--962
 []|\T1/lmr/m/n/12 0.379|
 []


Overfull \hbox (4.08066pt too wide) in paragraph at lines 963--963
 []|\T1/lmr/m/n/12 0.546|
 []


Overfull \hbox (4.08066pt too wide) in paragraph at lines 963--963
 []|\T1/lmr/m/n/12 0.382|
 []


Overfull \hbox (4.08066pt too wide) in paragraph at lines 963--963
 []|\T1/lmr/m/n/12 0.383|
 []


Overfull \hbox (4.08066pt too wide) in paragraph at lines 963--963
 []|\T1/lmr/m/n/12 0.588|
 []


Overfull \hbox (4.08066pt too wide) in paragraph at lines 963--964
 []|\T1/lmr/m/n/12 0.592|
 []


Overfull \hbox (4.08066pt too wide) in paragraph at lines 964--964
 []|\T1/lmr/m/n/12 0.539|
 []


Overfull \hbox (4.08066pt too wide) in paragraph at lines 964--964
 []|\T1/lmr/m/n/12 0.507|
 []


Overfull \hbox (4.08066pt too wide) in paragraph at lines 964--964
 []|\T1/lmr/m/n/12 0.579|
 []


Overfull \hbox (4.08066pt too wide) in paragraph at lines 964--964
 []|\T1/lmr/m/n/12 0.324|
 []


Overfull \hbox (4.08066pt too wide) in paragraph at lines 964--964
 []|\T1/lmr/m/n/12 0.536|
 []


Overfull \hbox (4.08066pt too wide) in paragraph at lines 964--964
 []|\T1/lmr/m/n/12 0.514|
 []


Overfull \hbox (4.08066pt too wide) in paragraph at lines 964--964
 []|\T1/lmr/m/n/12 0.683|
 []


Overfull \hbox (4.08066pt too wide) in paragraph at lines 964--964
 []|\T1/lmr/m/n/12 0.373|
 []


Overfull \hbox (4.08066pt too wide) in paragraph at lines 965--965
 []|\T1/lmr/m/n/12 0.478|
 []


Overfull \hbox (4.08066pt too wide) in paragraph at lines 965--965
 []|\T1/lmr/m/n/12 0.368|
 []


Overfull \hbox (4.08066pt too wide) in paragraph at lines 965--965
 []|\T1/lmr/m/n/12 0.378|
 []


Overfull \hbox (4.08066pt too wide) in paragraph at lines 965--965
 []|\T1/lmr/m/n/12 0.537|
 []


Overfull \hbox (4.08066pt too wide) in paragraph at lines 965--966
 []|\T1/lmr/m/n/12 0.540|
 []


Overfull \hbox (4.08066pt too wide) in paragraph at lines 966--966
 []|\T1/lmr/m/n/12 0.524|
 []


Overfull \hbox (4.08066pt too wide) in paragraph at lines 966--966
 []|\T1/lmr/m/n/12 0.506|
 []


Overfull \hbox (4.08066pt too wide) in paragraph at lines 966--966
 []|\T1/lmr/m/n/12 0.586|
 []


Overfull \hbox (4.08066pt too wide) in paragraph at lines 966--966
 []|\T1/lmr/m/n/12 0.299|
 []


Overfull \hbox (4.08066pt too wide) in paragraph at lines 966--966
 []|\T1/lmr/m/n/12 0.521|
 []


Overfull \hbox (4.08066pt too wide) in paragraph at lines 966--966
 []|\T1/lmr/m/n/12 0.510|
 []


Overfull \hbox (4.08066pt too wide) in paragraph at lines 966--966
 []|\T1/lmr/m/n/12 0.636|
 []


Overfull \hbox (4.08066pt too wide) in paragraph at lines 966--966
 []|\T1/lmr/m/n/12 0.355|
 []


Overfull \hbox (4.08066pt too wide) in paragraph at lines 967--967
 []|\T1/lmr/m/n/12 0.408|
 []


Overfull \hbox (4.08066pt too wide) in paragraph at lines 967--967
 []|\T1/lmr/m/n/12 0.340|
 []


Overfull \hbox (4.08066pt too wide) in paragraph at lines 967--967
 []|\T1/lmr/m/n/12 0.359|
 []


Overfull \hbox (4.08066pt too wide) in paragraph at lines 967--967
 []|\T1/lmr/m/n/12 0.523|
 []


Overfull \hbox (4.08066pt too wide) in paragraph at lines 967--968
 []|\T1/lmr/m/n/12 0.522|
 []


Overfull \hbox (4.08066pt too wide) in paragraph at lines 968--968
 []|\T1/lmr/m/n/12 0.379|
 []


Overfull \hbox (4.08066pt too wide) in paragraph at lines 968--968
 []|\T1/lmr/m/n/12 0.497|
 []


Overfull \hbox (4.08066pt too wide) in paragraph at lines 968--968
 []|\T1/lmr/m/n/12 0.544|
 []


Overfull \hbox (4.08066pt too wide) in paragraph at lines 968--968
 []|\T1/lmr/m/n/12 0.203|
 []


Overfull \hbox (4.08066pt too wide) in paragraph at lines 968--968
 []|\T1/lmr/m/n/12 0.377|
 []


Overfull \hbox (4.08066pt too wide) in paragraph at lines 968--968
 []|\T1/lmr/m/n/12 0.400|
 []


Overfull \hbox (4.08066pt too wide) in paragraph at lines 968--968
 []|\T1/lmr/m/n/12 0.578|
 []


Overfull \hbox (4.08066pt too wide) in paragraph at lines 968--968
 []|\T1/lmr/m/n/12 0.321|
 []


Overfull \hbox (4.08066pt too wide) in paragraph at lines 969--969
 []|\T1/lmr/m/n/12 0.438|
 []


Overfull \hbox (4.08066pt too wide) in paragraph at lines 969--969
 []|\T1/lmr/m/n/12 0.359|
 []


Overfull \hbox (4.08066pt too wide) in paragraph at lines 969--969
 []|\T1/lmr/m/n/12 0.324|
 []


Overfull \hbox (4.08066pt too wide) in paragraph at lines 969--969
 []|\T1/lmr/m/n/12 0.385|
 []


Overfull \hbox (4.08066pt too wide) in paragraph at lines 969--970
 []|\T1/lmr/m/n/12 0.373|
 []


Overfull \hbox (4.08066pt too wide) in paragraph at lines 970--970
 []|\T1/lmr/m/n/12 0.531|
 []


Overfull \hbox (4.08066pt too wide) in paragraph at lines 970--970
 []|\T1/lmr/m/n/12 0.508|
 []


Overfull \hbox (4.08066pt too wide) in paragraph at lines 970--970
 []|\T1/lmr/m/n/12 0.605|
 []


Overfull \hbox (4.08066pt too wide) in paragraph at lines 970--970
 []|\T1/lmr/m/n/12 0.226|
 []


Overfull \hbox (4.08066pt too wide) in paragraph at lines 970--970
 []|\T1/lmr/m/n/12 0.528|
 []


Overfull \hbox (4.08066pt too wide) in paragraph at lines 970--970
 []|\T1/lmr/m/n/12 0.517|
 []


Overfull \hbox (4.08066pt too wide) in paragraph at lines 970--970
 []|\T1/lmr/m/n/12 0.685|
 []


Overfull \hbox (4.08066pt too wide) in paragraph at lines 970--970
 []|\T1/lmr/m/n/12 0.301|
 []


Overfull \hbox (4.08066pt too wide) in paragraph at lines 971--971
 []|\T1/lmr/m/n/12 0.528|
 []


Overfull \hbox (4.08066pt too wide) in paragraph at lines 971--971
 []|\T1/lmr/m/n/12 0.403|
 []


Overfull \hbox (4.08066pt too wide) in paragraph at lines 971--971
 []|\T1/lmr/m/n/12 0.303|
 []


Overfull \hbox (4.08066pt too wide) in paragraph at lines 971--971
 []|\T1/lmr/m/n/12 0.530|
 []


Overfull \hbox (4.08066pt too wide) in paragraph at lines 971--972
 []|\T1/lmr/m/n/12 0.533|
 []


Overfull \hbox (4.08066pt too wide) in paragraph at lines 972--972
 []|\T1/lmr/m/n/12 0.363|
 []


Overfull \hbox (4.08066pt too wide) in paragraph at lines 972--972
 []|\T1/lmr/m/n/12 0.492|
 []


Overfull \hbox (4.08066pt too wide) in paragraph at lines 972--972
 []|\T1/lmr/m/n/12 0.547|
 []


Overfull \hbox (4.08066pt too wide) in paragraph at lines 972--972
 []|\T1/lmr/m/n/12 0.150|
 []


Overfull \hbox (4.08066pt too wide) in paragraph at lines 972--972
 []|\T1/lmr/m/n/12 0.360|
 []


Overfull \hbox (4.08066pt too wide) in paragraph at lines 972--972
 []|\T1/lmr/m/n/12 0.386|
 []


Overfull \hbox (4.08066pt too wide) in paragraph at lines 972--972
 []|\T1/lmr/m/n/12 0.566|
 []


Overfull \hbox (4.08066pt too wide) in paragraph at lines 972--972
 []|\T1/lmr/m/n/12 0.284|
 []


Overfull \hbox (4.08066pt too wide) in paragraph at lines 973--973
 []|\T1/lmr/m/n/12 0.439|
 []


Overfull \hbox (4.08066pt too wide) in paragraph at lines 973--973
 []|\T1/lmr/m/n/12 0.436|
 []


Overfull \hbox (4.08066pt too wide) in paragraph at lines 973--973
 []|\T1/lmr/m/n/12 0.284|
 []


Overfull \hbox (4.08066pt too wide) in paragraph at lines 973--973
 []|\T1/lmr/m/n/12 0.369|
 []


Overfull \hbox (4.08066pt too wide) in paragraph at lines 973--974
 []|\T1/lmr/m/n/12 0.358|
 []


Overfull \hbox (4.08066pt too wide) in paragraph at lines 974--974
 []|\T1/lmr/m/n/12 0.373|
 []


Overfull \hbox (4.08066pt too wide) in paragraph at lines 974--974
 []|\T1/lmr/m/n/12 0.495|
 []


Overfull \hbox (4.08066pt too wide) in paragraph at lines 974--974
 []|\T1/lmr/m/n/12 0.555|
 []


Overfull \hbox (4.08066pt too wide) in paragraph at lines 974--974
 []|\T1/lmr/m/n/12 0.133|
 []


Overfull \hbox (4.08066pt too wide) in paragraph at lines 974--974
 []|\T1/lmr/m/n/12 0.372|
 []


Overfull \hbox (4.08066pt too wide) in paragraph at lines 974--974
 []|\T1/lmr/m/n/12 0.386|
 []


Overfull \hbox (4.08066pt too wide) in paragraph at lines 974--974
 []|\T1/lmr/m/n/12 0.561|
 []


Overfull \hbox (4.08066pt too wide) in paragraph at lines 974--974
 []|\T1/lmr/m/n/12 0.269|
 []


Overfull \hbox (4.08066pt too wide) in paragraph at lines 975--975
 []|\T1/lmr/m/n/12 0.432|
 []


Overfull \hbox (4.08066pt too wide) in paragraph at lines 975--975
 []|\T1/lmr/m/n/12 0.575|
 []


Overfull \hbox (4.08066pt too wide) in paragraph at lines 975--975
 []|\T1/lmr/m/n/12 0.268|
 []


Overfull \hbox (4.08066pt too wide) in paragraph at lines 975--975
 []|\T1/lmr/m/n/12 0.378|
 []


Overfull \hbox (4.08066pt too wide) in paragraph at lines 975--976
 []|\T1/lmr/m/n/12 0.371|
 []


Overfull \hbox (4.08066pt too wide) in paragraph at lines 976--976
 []|\T1/lmr/m/n/12 0.326|
 []


Overfull \hbox (4.08066pt too wide) in paragraph at lines 976--976
 []|\T1/lmr/m/n/12 0.496|
 []


Overfull \hbox (4.08066pt too wide) in paragraph at lines 976--976
 []|\T1/lmr/m/n/12 0.548|
 []


Overfull \hbox (4.08066pt too wide) in paragraph at lines 976--976
 []|\T1/lmr/m/n/12 0.102|
 []


Overfull \hbox (4.08066pt too wide) in paragraph at lines 976--976
 []|\T1/lmr/m/n/12 0.326|
 []


Overfull \hbox (4.08066pt too wide) in paragraph at lines 976--976
 []|\T1/lmr/m/n/12 0.349|
 []


Overfull \hbox (4.08066pt too wide) in paragraph at lines 976--976
 []|\T1/lmr/m/n/12 0.514|
 []


Overfull \hbox (4.08066pt too wide) in paragraph at lines 976--976
 []|\T1/lmr/m/n/12 0.255|
 []


Overfull \hbox (4.08066pt too wide) in paragraph at lines 977--977
 []|\T1/lmr/m/n/12 0.399|
 []


Overfull \hbox (4.08066pt too wide) in paragraph at lines 977--977
 []|\T1/lmr/m/n/12 0.514|
 []


Overfull \hbox (4.08066pt too wide) in paragraph at lines 977--977
 []|\T1/lmr/m/n/12 0.253|
 []


Overfull \hbox (4.08066pt too wide) in paragraph at lines 977--977
 []|\T1/lmr/m/n/12 0.334|
 []


Overfull \hbox (4.08066pt too wide) in paragraph at lines 977--978
 []|\T1/lmr/m/n/12 0.323|
 []


Overfull \hbox (4.08066pt too wide) in paragraph at lines 978--978
 []|\T1/lmr/m/n/12 0.365|
 []


Overfull \hbox (4.08066pt too wide) in paragraph at lines 978--978
 []|\T1/lmr/m/n/12 0.492|
 []


Overfull \hbox (4.08066pt too wide) in paragraph at lines 978--978
 []|\T1/lmr/m/n/12 0.552|
 []


Overfull \hbox (4.08066pt too wide) in paragraph at lines 978--978
 []|\T1/lmr/m/n/12 0.107|
 []


Overfull \hbox (4.08066pt too wide) in paragraph at lines 978--978
 []|\T1/lmr/m/n/12 0.365|
 []


Overfull \hbox (4.08066pt too wide) in paragraph at lines 978--978
 []|\T1/lmr/m/n/12 0.373|
 []


Overfull \hbox (4.08066pt too wide) in paragraph at lines 978--978
 []|\T1/lmr/m/n/12 0.502|
 []


Overfull \hbox (4.08066pt too wide) in paragraph at lines 978--978
 []|\T1/lmr/m/n/12 0.250|
 []


Overfull \hbox (4.08066pt too wide) in paragraph at lines 979--979
 []|\T1/lmr/m/n/12 0.433|
 []


Overfull \hbox (4.08066pt too wide) in paragraph at lines 979--979
 []|\T1/lmr/m/n/12 0.554|
 []


Overfull \hbox (4.08066pt too wide) in paragraph at lines 979--979
 []|\T1/lmr/m/n/12 0.247|
 []


Overfull \hbox (4.08066pt too wide) in paragraph at lines 979--979
 []|\T1/lmr/m/n/12 0.368|
 []


Overfull \hbox (4.08066pt too wide) in paragraph at lines 979--980
 []|\T1/lmr/m/n/12 0.367|
 []


Overfull \hbox (4.08066pt too wide) in paragraph at lines 980--980
 []|\T1/lmr/m/n/12 0.361|
 []


Overfull \hbox (4.08066pt too wide) in paragraph at lines 980--980
 []|\T1/lmr/m/n/12 0.497|
 []


Overfull \hbox (4.08066pt too wide) in paragraph at lines 980--980
 []|\T1/lmr/m/n/12 0.574|
 []


Overfull \hbox (4.08066pt too wide) in paragraph at lines 980--980
 []|\T1/lmr/m/n/12 0.084|
 []


Overfull \hbox (4.08066pt too wide) in paragraph at lines 980--980
 []|\T1/lmr/m/n/12 0.360|
 []


Overfull \hbox (4.08066pt too wide) in paragraph at lines 980--980
 []|\T1/lmr/m/n/12 0.381|
 []


Overfull \hbox (4.08066pt too wide) in paragraph at lines 980--980
 []|\T1/lmr/m/n/12 0.570|
 []


Overfull \hbox (4.08066pt too wide) in paragraph at lines 980--980
 []|\T1/lmr/m/n/12 0.234|
 []


Overfull \hbox (4.08066pt too wide) in paragraph at lines 981--981
 []|\T1/lmr/m/n/12 0.462|
 []


Overfull \hbox (4.08066pt too wide) in paragraph at lines 981--981
 []|\T1/lmr/m/n/12 0.463|
 []


Overfull \hbox (4.08066pt too wide) in paragraph at lines 981--981
 []|\T1/lmr/m/n/12 0.229|
 []


Overfull \hbox (4.08066pt too wide) in paragraph at lines 981--981
 []|\T1/lmr/m/n/12 0.369|
 []


Overfull \hbox (4.08066pt too wide) in paragraph at lines 981--982
 []|\T1/lmr/m/n/12 0.356|
 []


Overfull \hbox (4.08066pt too wide) in paragraph at lines 982--982
 []|\T1/lmr/m/n/12 0.561|
 []


Overfull \hbox (4.08066pt too wide) in paragraph at lines 982--982
 []|\T1/lmr/m/n/12 0.504|
 []


Overfull \hbox (4.08066pt too wide) in paragraph at lines 982--982
 []|\T1/lmr/m/n/12 0.629|
 []


Overfull \hbox (4.08066pt too wide) in paragraph at lines 982--982
 []|\T1/lmr/m/n/12 0.116|
 []


Overfull \hbox (4.08066pt too wide) in paragraph at lines 982--982
 []|\T1/lmr/m/n/12 0.559|
 []


Overfull \hbox (4.08066pt too wide) in paragraph at lines 982--982
 []|\T1/lmr/m/n/12 0.542|
 []


Overfull \hbox (4.08066pt too wide) in paragraph at lines 982--982
 []|\T1/lmr/m/n/12 0.669|
 []


Overfull \hbox (4.08066pt too wide) in paragraph at lines 982--982
 []|\T1/lmr/m/n/12 0.226|
 []


Overfull \hbox (4.08066pt too wide) in paragraph at lines 983--983
 []|\T1/lmr/m/n/12 0.364|
 []


Overfull \hbox (4.08066pt too wide) in paragraph at lines 983--983
 []|\T1/lmr/m/n/12 0.313|
 []


Overfull \hbox (4.08066pt too wide) in paragraph at lines 983--983
 []|\T1/lmr/m/n/12 0.219|
 []


Overfull \hbox (4.08066pt too wide) in paragraph at lines 983--983
 []|\T1/lmr/m/n/12 0.559|
 []


Overfull \hbox (4.08066pt too wide) in paragraph at lines 983--984
 []|\T1/lmr/m/n/12 0.565|
 []


Overfull \hbox (4.08066pt too wide) in paragraph at lines 984--984
 []|\T1/lmr/m/n/12 0.625|
 []


Overfull \hbox (4.08066pt too wide) in paragraph at lines 984--984
 []|\T1/lmr/m/n/12 0.512|
 []


Overfull \hbox (4.08066pt too wide) in paragraph at lines 984--984
 []|\T1/lmr/m/n/12 0.648|
 []


Overfull \hbox (4.08066pt too wide) in paragraph at lines 984--984
 []|\T1/lmr/m/n/12 0.121|
 []


Overfull \hbox (4.08066pt too wide) in paragraph at lines 984--984
 []|\T1/lmr/m/n/12 0.617|
 []


Overfull \hbox (4.08066pt too wide) in paragraph at lines 984--984
 []|\T1/lmr/m/n/12 0.596|
 []


Overfull \hbox (4.08066pt too wide) in paragraph at lines 984--984
 []|\T1/lmr/m/n/12 0.735|
 []


Overfull \hbox (4.08066pt too wide) in paragraph at lines 984--984
 []|\T1/lmr/m/n/12 0.220|
 []


Overfull \hbox (4.08066pt too wide) in paragraph at lines 985--985
 []|\T1/lmr/m/n/12 0.281|
 []


Overfull \hbox (4.08066pt too wide) in paragraph at lines 985--985
 []|\T1/lmr/m/n/12 0.356|
 []


Overfull \hbox (4.08066pt too wide) in paragraph at lines 985--985
 []|\T1/lmr/m/n/12 0.212|
 []


Overfull \hbox (4.08066pt too wide) in paragraph at lines 985--985
 []|\T1/lmr/m/n/12 0.622|
 []


Overfull \hbox (4.08066pt too wide) in paragraph at lines 985--986
 []|\T1/lmr/m/n/12 0.627|
 []

[15]
<paper_files/figure-latex/mu-diff-plot-1.pdf, id=342, 469.755pt x 325.215pt>
File: paper_files/figure-latex/mu-diff-plot-1.pdf Graphic file (type pdf)
<use paper_files/figure-latex/mu-diff-plot-1.pdf>
Package pdftex.def Info: paper_files/figure-latex/mu-diff-plot-1.pdf  used on input line 993.
(pdftex.def)             Requested size: 469.75386pt x 325.2142pt.
<paper_files/figure-latex/prob0-plot-1.pdf, id=343, 469.755pt x 325.215pt>
File: paper_files/figure-latex/prob0-plot-1.pdf Graphic file (type pdf)
<use paper_files/figure-latex/prob0-plot-1.pdf>
Package pdftex.def Info: paper_files/figure-latex/prob0-plot-1.pdf  used on input line 1002.
(pdftex.def)             Requested size: 469.75386pt x 325.2142pt.
<paper_files/figure-latex/AUC-plot-1.pdf, id=344, 469.755pt x 325.215pt>
File: paper_files/figure-latex/AUC-plot-1.pdf Graphic file (type pdf)
<use paper_files/figure-latex/AUC-plot-1.pdf>
Package pdftex.def Info: paper_files/figure-latex/AUC-plot-1.pdf  used on input line 1011.
(pdftex.def)             Requested size: 469.75386pt x 325.2142pt.
[16 <./paper_files/figure-latex/mu-diff-plot-1.pdf>] [17 <./paper_files/figure-latex/prob0-plot-1.pdf>] [18 <./paper_files/figure-latex/AUC-plot-1.pdf>]
<../Figures/cle/mu_diff.pdf, id=380, 361.35pt x 578.16pt>
File: ../Figures/cle/mu_diff.pdf Graphic file (type pdf)
<use ../Figures/cle/mu_diff.pdf>
Package pdftex.def Info: ../Figures/cle/mu_diff.pdf  used on input line 1068.
(pdftex.def)             Requested size: 361.36566pt x 578.18504pt.
<../Figures/ds1/mu_diff.pdf, id=381, 361.35pt x 578.16pt>
File: ../Figures/ds1/mu_diff.pdf Graphic file (type pdf)
<use ../Figures/ds1/mu_diff.pdf>
Package pdftex.def Info: ../Figures/ds1/mu_diff.pdf  used on input line 1076.
(pdftex.def)             Requested size: 361.36566pt x 578.18504pt.
<../Figures/ds2/mu_diff.pdf, id=382, 361.35pt x 578.16pt>
File: ../Figures/ds2/mu_diff.pdf Graphic file (type pdf)
<use ../Figures/ds2/mu_diff.pdf>
Package pdftex.def Info: ../Figures/ds2/mu_diff.pdf  used on input line 1084.
(pdftex.def)             Requested size: 361.36566pt x 578.18504pt.
<../Figures/ds3/mu_diff.pdf, id=383, 361.35pt x 578.16pt>
File: ../Figures/ds3/mu_diff.pdf Graphic file (type pdf)
<use ../Figures/ds3/mu_diff.pdf>
Package pdftex.def Info: ../Figures/ds3/mu_diff.pdf  used on input line 1092.
(pdftex.def)             Requested size: 361.36566pt x 578.18504pt.
<../Figures/ect/mu_diff.pdf, id=384, 361.35pt x 578.16pt>
File: ../Figures/ect/mu_diff.pdf Graphic file (type pdf)
<use ../Figures/ect/mu_diff.pdf>
Package pdftex.def Info: ../Figures/ect/mu_diff.pdf  used on input line 1100.
(pdftex.def)             Requested size: 361.36566pt x 578.18504pt.
<../Figures/lps/mu_diff.pdf, id=385, 361.35pt x 578.16pt>
File: ../Figures/lps/mu_diff.pdf Graphic file (type pdf)
<use ../Figures/lps/mu_diff.pdf>
Package pdftex.def Info: ../Figures/lps/mu_diff.pdf  used on input line 1108.
(pdftex.def)             Requested size: 361.36566pt x 578.18504pt.
<../Figures/lpt/mu_diff.pdf, id=386, 361.35pt x 578.16pt>
File: ../Figures/lpt/mu_diff.pdf Graphic file (type pdf)
<use ../Figures/lpt/mu_diff.pdf>
Package pdftex.def Info: ../Figures/lpt/mu_diff.pdf  used on input line 1116.
(pdftex.def)             Requested size: 361.36566pt x 578.18504pt.
<../Figures/maf/lambda_diff.pdf, id=387, 361.35pt x 578.16pt>
File: ../Figures/maf/lambda_diff.pdf Graphic file (type pdf)
<use ../Figures/maf/lambda_diff.pdf>
Package pdftex.def Info: ../Figures/maf/lambda_diff.pdf  used on input line 1124.
(pdftex.def)             Requested size: 361.36566pt x 578.18504pt.
<../Figures/mav/lambda_diff.pdf, id=388, 361.35pt x 578.16pt>
File: ../Figures/mav/lambda_diff.pdf Graphic file (type pdf)
<use ../Figures/mav/lambda_diff.pdf>
Package pdftex.def Info: ../Figures/mav/lambda_diff.pdf  used on input line 1132.
(pdftex.def)             Requested size: 361.36566pt x 578.18504pt.
<../Figures/mcv/lambda_diff.pdf, id=389, 361.35pt x 578.16pt>
File: ../Figures/mcv/lambda_diff.pdf Graphic file (type pdf)
<use ../Figures/mcv/lambda_diff.pdf>
Package pdftex.def Info: ../Figures/mcv/lambda_diff.pdf  used on input line 1140.
(pdftex.def)             Requested size: 361.36566pt x 578.18504pt.
<../Figures/mdf/lambda_diff.pdf, id=390, 361.35pt x 578.16pt>
File: ../Figures/mdf/lambda_diff.pdf Graphic file (type pdf)
<use ../Figures/mdf/lambda_diff.pdf>
Package pdftex.def Info: ../Figures/mdf/lambda_diff.pdf  used on input line 1148.
(pdftex.def)             Requested size: 361.36566pt x 578.18504pt.
<../Figures/mds/lambda_diff.pdf, id=391, 361.35pt x 578.16pt>
File: ../Figures/mds/lambda_diff.pdf Graphic file (type pdf)
<use ../Figures/mds/lambda_diff.pdf>
Package pdftex.def Info: ../Figures/mds/lambda_diff.pdf  used on input line 1156.
(pdftex.def)             Requested size: 361.36566pt x 578.18504pt.
<../Figures/mpt/lambda_diff.pdf, id=392, 361.35pt x 578.16pt>
File: ../Figures/mpt/lambda_diff.pdf Graphic file (type pdf)
<use ../Figures/mpt/lambda_diff.pdf>
Package pdftex.def Info: ../Figures/mpt/lambda_diff.pdf  used on input line 1164.
(pdftex.def)             Requested size: 361.36566pt x 578.18504pt.
<../Figures/pmx/mu_diff.pdf, id=393, 361.35pt x 578.16pt>
File: ../Figures/pmx/mu_diff.pdf Graphic file (type pdf)
<use ../Figures/pmx/mu_diff.pdf>
Package pdftex.def Info: ../Figures/pmx/mu_diff.pdf  used on input line 1172.
(pdftex.def)             Requested size: 361.36566pt x 578.18504pt.
<../Figures/stl/mu_diff.pdf, id=394, 361.35pt x 578.16pt>
File: ../Figures/stl/mu_diff.pdf Graphic file (type pdf)
<use ../Figures/stl/mu_diff.pdf>
Package pdftex.def Info: ../Figures/stl/mu_diff.pdf  used on input line 1181.
(pdftex.def)             Requested size: 361.36566pt x 578.18504pt.
[19]

Package hyperref Warning: Suppressing link with empty target on input line 1341.

[20] [21] [22] [23 <../Figures/cle/mu_diff.pdf>] [24 <../Figures/ds1/mu_diff.pdf>] [25 <../Figures/ds2/mu_diff.pdf>] [26 <../Figures/ds3/mu_diff.pdf>] [27 <../Figures/ect/mu_diff.pdf>] [28 <../Figures/lps/mu_diff.pdf>] [29 <../Figures/lpt/mu_diff.pdf>] [30 <../Figures/maf/lambda_diff.pdf>] [31 <../Figures/mav/lambda_diff.pdf>] [32 <../Figures/mcv/lambda_diff.pdf>] [33 <../Figures/mdf/lambda_diff.pdf>] [34 <../Figures/mds/lambda_diff.pdf>] [35 <../Figures/mpt/lambda_diff.pdf>] [36 <../Figures/pmx/mu_diff.pdf>] [37 <../Figures/stl/mu_diff.pdf>] (./paper.aux)
 ***********
LaTeX2e <2023-11-01>
L3 programming layer <2023-11-01>
 ***********

LaTeX Warning: There were undefined references.

Package rerunfilecheck Info: File `paper.out' has not changed.
(rerunfilecheck)             Checksum: FD63781A6707ADCCAAAEA6225A27ECFF;3022.
 ) 
Here is how much of TeX's memory you used:
 12153 strings out of 476237
 194152 string characters out of 5795258
 2021533 words of memory out of 5000000
 33743 multiletter control sequences out of 15000+600000
 636447 words of font info for 93 fonts, out of 8000000 for 9000
 14 hyphenation exceptions out of 8191
 75i,16n,79p,1001b,554s stack positions out of 10000i,1000n,20000p,200000b,200000s

pdfTeX warning (dest): name{ref-ZhouandReiter} has been referenced but does not exist, replaced by a fixed one


pdfTeX warning (dest): name{ref-GeneralizedPoisson} has been referenced but does not exist, replaced by a fixed one

<c:/Users/mstuart1/AppData/Roaming/TinyTeX/texmf-dist/fonts/type1/public/lm/lmbx10.pfb><c:/Users/mstuart1/AppData/Roaming/TinyTeX/texmf-dist/fonts/type1/public/lm/lmbx12.pfb><c:/Users/mstuart1/AppData/Roaming/TinyTeX/texmf-dist/fonts/type1/public/lm/lmex10.pfb><c:/Users/mstuart1/AppData/Roaming/TinyTeX/texmf-dist/fonts/type1/public/lm/lmmi10.pfb><c:/Users/mstuart1/AppData/Roaming/TinyTeX/texmf-dist/fonts/type1/public/lm/lmmi12.pfb><c:/Users/mstuart1/AppData/Roaming/TinyTeX/texmf-dist/fonts/type1/public/lm/lmmi6.pfb><c:/Users/mstuart1/AppData/Roaming/TinyTeX/texmf-dist/fonts/type1/public/lm/lmmi8.pfb><c:/Users/mstuart1/AppData/Roaming/TinyTeX/texmf-dist/fonts/type1/public/lm/lmmib10.pfb><c:/Users/mstuart1/AppData/Roaming/TinyTeX/texmf-dist/fonts/type1/public/lm/lmr10.pfb><c:/Users/mstuart1/AppData/Roaming/TinyTeX/texmf-dist/fonts/type1/public/lm/lmr12.pfb><c:/Users/mstuart1/AppData/Roaming/TinyTeX/texmf-dist/fonts/type1/public/lm/lmr17.pfb><c:/Users/mstuart1/AppData/Roaming/TinyTeX/texmf-dist/fonts/type1/public/lm/lmr6.pfb><c:/Users/mstuart1/AppData/Roaming/TinyTeX/texmf-dist/fonts/type1/public/lm/lmr8.pfb><c:/Users/mstuart1/AppData/Roaming/TinyTeX/texmf-dist/fonts/type1/public/lm/lmri10.pfb><c:/Users/mstuart1/AppData/Roaming/TinyTeX/texmf-dist/fonts/type1/public/lm/lmri12.pfb><c:/Users/mstuart1/AppData/Roaming/TinyTeX/texmf-dist/fonts/type1/public/lm/lmsy10.pfb><c:/Users/mstuart1/AppData/Roaming/TinyTeX/texmf-dist/fonts/type1/public/lm/lmsy6.pfb><c:/Users/mstuart1/AppData/Roaming/TinyTeX/texmf-dist/fonts/type1/public/lm/lmsy8.pfb><c:/Users/mstuart1/AppData/Roaming/TinyTeX/texmf-dist/fonts/type1/public/lm/lmtt12.pfb>
Output written on paper.pdf (37 pages, 1470253 bytes).
PDF statistics:
 767 PDF objects out of 1000 (max. 8388607)
 641 compressed objects within 7 object streams
 150 named destinations out of 1000 (max. 500000)
 224 words of extra memory for PDF output out of 10000 (max. 10000000)

